# JRE version: OpenJDK Runtime Environment (8.0_242-b01) (build 1.8.0_242-release-1644-b01)
# Java VM: OpenJDK 64-Bit Server VM (25.242-b01 mixed mode windows-amd64 compressed oops)
Heap:
 PSYoungGen      total 85504K, used 17009K [0x00000000e0980000, 0x00000000e6f80000, 0x0000000100000000)
  eden space 72192K, 23% used [0x00000000e0980000,0x00000000e1a1c4a0,0x00000000e5000000)
  from space 13312K, 0% used [0x00000000e5f00000,0x00000000e5f00000,0x00000000e6c00000)
  to   space 15360K, 0% used [0x00000000e5000000,0x00000000e5000000,0x00000000e5f00000)
 ParOldGen       total 55296K, used 19813K [0x00000000a1c00000, 0x00000000a5200000, 0x00000000e0980000)
  object space 55296K, 35% used [0x00000000a1c00000,0x00000000a2f595f8,0x00000000a5200000)
 Metaspace       used 37503K, capacity 38051K, committed 38528K, reserved 1083392K
  class space    used 4747K, capacity 4890K, committed 4992K, reserved 1048576K
GC Heap History (10 events):
Event: 2.283 GC heap before
{Heap before GC invocations=4 (full 0):
 PSYoungGen      total 28672K, used 16663K [0x00000000e0980000, 0x00000000e4180000, 0x0000000100000000)
  eden space 24576K, 51% used [0x00000000e0980000,0x00000000e15c8e38,0x00000000e2180000)
  from space 4096K, 99% used [0x00000000e2180000,0x00000000e257ce10,0x00000000e2580000)
  to   space 4096K, 0% used [0x00000000e3d80000,0x00000000e3d80000,0x00000000e4180000)
 ParOldGen       total 65536K, used 10258K [0x00000000a1c00000, 0x00000000a5c00000, 0x00000000e0980000)
  object space 65536K, 15% used [0x00000000a1c00000,0x00000000a26049d8,0x00000000a5c00000)
 Metaspace       used 20851K, capacity 21200K, committed 21248K, reserved 1069056K
  class space    used 2438K, capacity 2553K, committed 2560K, reserved 1048576K
Event: 2.294 GC heap after
Heap after GC invocations=4 (full 0):
 PSYoungGen      total 53248K, used 4080K [0x00000000e0980000, 0x00000000e4180000, 0x0000000100000000)
  eden space 49152K, 0% used [0x00000000e0980000,0x00000000e0980000,0x00000000e3980000)
  from space 4096K, 99% used [0x00000000e3d80000,0x00000000e417c020,0x00000000e4180000)
  to   space 4096K, 0% used [0x00000000e3980000,0x00000000e3980000,0x00000000e3d80000)
 ParOldGen       total 65536K, used 13138K [0x00000000a1c00000, 0x00000000a5c00000, 0x00000000e0980000)
  object space 65536K, 20% used [0x00000000a1c00000,0x00000000a28d4a40,0x00000000a5c00000)
 Metaspace       used 20851K, capacity 21200K, committed 21248K, reserved 1069056K
  class space    used 2438K, capacity 2553K, committed 2560K, reserved 1048576K
}
Event: 2.294 GC heap before
{Heap before GC invocations=5 (full 1):
 PSYoungGen      total 53248K, used 4080K [0x00000000e0980000, 0x00000000e4180000, 0x0000000100000000)
  eden space 49152K, 0% used [0x00000000e0980000,0x00000000e0980000,0x00000000e3980000)
  from space 4096K, 99% used [0x00000000e3d80000,0x00000000e417c020,0x00000000e4180000)
  to   space 4096K, 0% used [0x00000000e3980000,0x00000000e3980000,0x00000000e3d80000)
 ParOldGen       total 65536K, used 13138K [0x00000000a1c00000, 0x00000000a5c00000, 0x00000000e0980000)
  object space 65536K, 20% used [0x00000000a1c00000,0x00000000a28d4a40,0x00000000a5c00000)
 Metaspace       used 20851K, capacity 21200K, committed 21248K, reserved 1069056K
  class space    used 2438K, capacity 2553K, committed 2560K, reserved 1048576K
Event: 2.334 GC heap after
Heap after GC invocations=5 (full 1):
 PSYoungGen      total 53248K, used 0K [0x00000000e0980000, 0x00000000e4180000, 0x0000000100000000)
  eden space 49152K, 0% used [0x00000000e0980000,0x00000000e0980000,0x00000000e3980000)
  from space 4096K, 0% used [0x00000000e3d80000,0x00000000e3d80000,0x00000000e4180000)
  to   space 4096K, 0% used [0x00000000e3980000,0x00000000e3980000,0x00000000e3d80000)
 ParOldGen       total 55296K, used 12524K [0x00000000a1c00000, 0x00000000a5200000, 0x00000000e0980000)
  object space 55296K, 22% used [0x00000000a1c00000,0x00000000a283b330,0x00000000a5200000)
 Metaspace       used 20851K, capacity 21200K, committed 21248K, reserved 1069056K
  class space    used 2438K, capacity 2553K, committed 2560K, reserved 1048576K
}
Event: 3.873 GC heap before
{Heap before GC invocations=6 (full 1):
 PSYoungGen      total 53248K, used 49152K [0x00000000e0980000, 0x00000000e4180000, 0x0000000100000000)
  eden space 49152K, 100% used [0x00000000e0980000,0x00000000e3980000,0x00000000e3980000)
  from space 4096K, 0% used [0x00000000e3d80000,0x00000000e3d80000,0x00000000e4180000)
  to   space 4096K, 0% used [0x00000000e3980000,0x00000000e3980000,0x00000000e3d80000)
 ParOldGen       total 55296K, used 12524K [0x00000000a1c00000, 0x00000000a5200000, 0x00000000e0980000)
  object space 55296K, 22% used [0x00000000a1c00000,0x00000000a283b330,0x00000000a5200000)
 Metaspace       used 27934K, capacity 28382K, committed 28672K, reserved 1075200K
  class space    used 3374K, capacity 3532K, committed 3584K, reserved 1048576K
Event: 3.900 GC heap after
Heap after GC invocations=6 (full 1):
 PSYoungGen      total 53248K, used 4066K [0x00000000e0980000, 0x00000000e6c00000, 0x0000000100000000)
  eden space 49152K, 0% used [0x00000000e0980000,0x00000000e0980000,0x00000000e3980000)
  from space 4096K, 99% used [0x00000000e3980000,0x00000000e3d78918,0x00000000e3d80000)
  to   space 13312K, 0% used [0x00000000e5f00000,0x00000000e5f00000,0x00000000e6c00000)
 ParOldGen       total 55296K, used 20946K [0x00000000a1c00000, 0x00000000a5200000, 0x00000000e0980000)
  object space 55296K, 37% used [0x00000000a1c00000,0x00000000a3074890,0x00000000a5200000)
 Metaspace       used 27934K, capacity 28382K, committed 28672K, reserved 1075200K
  class space    used 3374K, capacity 3532K, committed 3584K, reserved 1048576K
}
Event: 4.667 GC heap before
{Heap before GC invocations=7 (full 1):
 PSYoungGen      total 53248K, used 37875K [0x00000000e0980000, 0x00000000e6c00000, 0x0000000100000000)
  eden space 49152K, 68% used [0x00000000e0980000,0x00000000e2a84450,0x00000000e3980000)
  from space 4096K, 99% used [0x00000000e3980000,0x00000000e3d78918,0x00000000e3d80000)
  to   space 13312K, 0% used [0x00000000e5f00000,0x00000000e5f00000,0x00000000e6c00000)
 ParOldGen       total 55296K, used 20946K [0x00000000a1c00000, 0x00000000a5200000, 0x00000000e0980000)
  object space 55296K, 37% used [0x00000000a1c00000,0x00000000a3074890,0x00000000a5200000)
 Metaspace       used 34698K, capacity 35221K, committed 35416K, reserved 1081344K
  class space    used 4403K, capacity 4553K, committed 4608K, reserved 1048576K
Event: 4.684 GC heap after
Heap after GC invocations=7 (full 1):
 PSYoungGen      total 85504K, used 13102K [0x00000000e0980000, 0x00000000e6f80000, 0x0000000100000000)
  eden space 72192K, 0% used [0x00000000e0980000,0x00000000e0980000,0x00000000e5000000)
  from space 13312K, 98% used [0x00000000e5f00000,0x00000000e6bcbb70,0x00000000e6c00000)
  to   space 15360K, 0% used [0x00000000e5000000,0x00000000e5000000,0x00000000e5f00000)
 ParOldGen       total 55296K, used 20954K [0x00000000a1c00000, 0x00000000a5200000, 0x00000000e0980000)
  object space 55296K, 37% used [0x00000000a1c00000,0x00000000a3076890,0x00000000a5200000)
 Metaspace       used 34698K, capacity 35221K, committed 35416K, reserved 1081344K
  class space    used 4403K, capacity 4553K, committed 4608K, reserved 1048576K
}
Event: 4.684 GC heap before
{Heap before GC invocations=8 (full 2):
 PSYoungGen      total 85504K, used 13102K [0x00000000e0980000, 0x00000000e6f80000, 0x0000000100000000)
  eden space 72192K, 0% used [0x00000000e0980000,0x00000000e0980000,0x00000000e5000000)
  from space 13312K, 98% used [0x00000000e5f00000,0x00000000e6bcbb70,0x00000000e6c00000)
  to   space 15360K, 0% used [0x00000000e5000000,0x00000000e5000000,0x00000000e5f00000)
 ParOldGen       total 55296K, used 20954K [0x00000000a1c00000, 0x00000000a5200000, 0x00000000e0980000)
  object space 55296K, 37% used [0x00000000a1c00000,0x00000000a3076890,0x00000000a5200000)
 Metaspace       used 34698K, capacity 35221K, committed 35416K, reserved 1081344K
  class space    used 4403K, capacity 4553K, committed 4608K, reserved 1048576K
Event: 4.758 GC heap after
Heap after GC invocations=8 (full 2):
 PSYoungGen      total 85504K, used 0K [0x00000000e0980000, 0x00000000e6f80000, 0x0000000100000000)
  eden space 72192K, 0% used [0x00000000e0980000,0x00000000e0980000,0x00000000e5000000)
  from space 13312K, 0% used [0x00000000e5f00000,0x00000000e5f00000,0x00000000e6c00000)
  to   space 15360K, 0% used [0x00000000e5000000,0x00000000e5000000,0x00000000e5f00000)
 ParOldGen       total 55296K, used 19813K [0x00000000a1c00000, 0x00000000a5200000, 0x00000000e0980000)
  object space 55296K, 35% used [0x00000000a1c00000,0x00000000a2f595f8,0x00000000a5200000)
 Metaspace       used 34698K, capacity 35221K, committed 35416K, reserved 1081344K
  class space    used 4403K, capacity 4553K, committed 4608K, reserved 1048576K
}

