# JRE version: OpenJDK Runtime Environment (8.0_242-b01) (build 1.8.0_242-release-1644-b01)
# Java VM: OpenJDK 64-Bit Server VM (25.242-b01 mixed mode windows-amd64 compressed oops)
Heap:
 PSYoungGen      total 291328K, used 229842K [0x00000000d5580000, 0x00000000e9500000, 0x0000000100000000)
  eden space 263168K, 80% used [0x00000000d5580000,0x00000000e2513d80,0x00000000e5680000)
  from space 28160K, 61% used [0x00000000e5680000,0x00000000e6760e18,0x00000000e7200000)
  to   space 23040K, 0% used [0x00000000e7200000,0x00000000e7200000,0x00000000e8880000)
 ParOldGen       total 98304K, used 98182K [0x0000000080000000, 0x0000000086000000, 0x00000000d5580000)
  object space 98304K, 99% used [0x0000000080000000,0x0000000085fe1800,0x0000000086000000)
 Metaspace       used 98864K, capacity 102686K, committed 103192K, reserved 1138688K
  class space    used 12965K, capacity 13729K, committed 13872K, reserved 1048576K
GC Heap History (10 events):
Event: 35.341 GC heap before
{Heap before GC invocations=19 (full 3):
 PSYoungGen      total 252416K, used 251695K [0x00000000d5580000, 0x00000000e8880000, 0x0000000100000000)
  eden space 232448K, 100% used [0x00000000d5580000,0x00000000e3880000,0x00000000e3880000)
  from space 19968K, 96% used [0x00000000e3880000,0x00000000e4b4bf28,0x00000000e4c00000)
  to   space 23040K, 0% used [0x00000000e7200000,0x00000000e7200000,0x00000000e8880000)
 ParOldGen       total 97280K, used 33885K [0x0000000080000000, 0x0000000085f00000, 0x00000000d5580000)
  object space 97280K, 34% used [0x0000000080000000,0x0000000082117480,0x0000000085f00000)
 Metaspace       used 79911K, capacity 83506K, committed 83608K, reserved 1122304K
  class space    used 10647K, capacity 11338K, committed 11440K, reserved 1048576K
Event: 35.390 GC heap after
Heap after GC invocations=19 (full 3):
 PSYoungGen      total 286208K, used 23009K [0x00000000d5580000, 0x00000000e9500000, 0x0000000100000000)
  eden space 263168K, 0% used [0x00000000d5580000,0x00000000d5580000,0x00000000e5680000)
  from space 23040K, 99% used [0x00000000e7200000,0x00000000e8878630,0x00000000e8880000)
  to   space 28160K, 0% used [0x00000000e5680000,0x00000000e5680000,0x00000000e7200000)
 ParOldGen       total 97280K, used 39047K [0x0000000080000000, 0x0000000085f00000, 0x00000000d5580000)
  object space 97280K, 40% used [0x0000000080000000,0x0000000082621db0,0x0000000085f00000)
 Metaspace       used 79911K, capacity 83506K, committed 83608K, reserved 1122304K
  class space    used 10647K, capacity 11338K, committed 11440K, reserved 1048576K
}
Event: 55.953 GC heap before
{Heap before GC invocations=20 (full 3):
 PSYoungGen      total 286208K, used 286177K [0x00000000d5580000, 0x00000000e9500000, 0x0000000100000000)
  eden space 263168K, 100% used [0x00000000d5580000,0x00000000e5680000,0x00000000e5680000)
  from space 23040K, 99% used [0x00000000e7200000,0x00000000e8878630,0x00000000e8880000)
  to   space 28160K, 0% used [0x00000000e5680000,0x00000000e5680000,0x00000000e7200000)
 ParOldGen       total 97280K, used 39047K [0x0000000080000000, 0x0000000085f00000, 0x00000000d5580000)
  object space 97280K, 40% used [0x0000000080000000,0x0000000082621db0,0x0000000085f00000)
 Metaspace       used 84636K, capacity 88510K, committed 88600K, reserved 1126400K
  class space    used 11285K, capacity 12010K, committed 12080K, reserved 1048576K
Event: 55.985 GC heap after
Heap after GC invocations=20 (full 3):
 PSYoungGen      total 291328K, used 17904K [0x00000000d5580000, 0x00000000e9500000, 0x0000000100000000)
  eden space 263168K, 0% used [0x00000000d5580000,0x00000000d5580000,0x00000000e5680000)
  from space 28160K, 63% used [0x00000000e5680000,0x00000000e67fc010,0x00000000e7200000)
  to   space 23040K, 0% used [0x00000000e7200000,0x00000000e7200000,0x00000000e8880000)
 ParOldGen       total 97280K, used 53732K [0x0000000080000000, 0x0000000085f00000, 0x00000000d5580000)
  object space 97280K, 55% used [0x0000000080000000,0x00000000834793e8,0x0000000085f00000)
 Metaspace       used 84636K, capacity 88510K, committed 88600K, reserved 1126400K
  class space    used 11285K, capacity 12010K, committed 12080K, reserved 1048576K
}
Event: 58.014 GC heap before
{Heap before GC invocations=21 (full 3):
 PSYoungGen      total 291328K, used 281072K [0x00000000d5580000, 0x00000000e9500000, 0x0000000100000000)
  eden space 263168K, 100% used [0x00000000d5580000,0x00000000e5680000,0x00000000e5680000)
  from space 28160K, 63% used [0x00000000e5680000,0x00000000e67fc010,0x00000000e7200000)
  to   space 23040K, 0% used [0x00000000e7200000,0x00000000e7200000,0x00000000e8880000)
 ParOldGen       total 97280K, used 53732K [0x0000000080000000, 0x0000000085f00000, 0x00000000d5580000)
  object space 97280K, 55% used [0x0000000080000000,0x00000000834793e8,0x0000000085f00000)
 Metaspace       used 89310K, capacity 93308K, committed 93336K, reserved 1130496K
  class space    used 11904K, capacity 12696K, committed 12720K, reserved 1048576K
Event: 58.038 GC heap after
Heap after GC invocations=21 (full 3):
 PSYoungGen      total 286208K, used 21822K [0x00000000d5580000, 0x00000000e9500000, 0x0000000100000000)
  eden space 263168K, 0% used [0x00000000d5580000,0x00000000d5580000,0x00000000e5680000)
  from space 23040K, 94% used [0x00000000e7200000,0x00000000e874f860,0x00000000e8880000)
  to   space 28160K, 0% used [0x00000000e5680000,0x00000000e5680000,0x00000000e7200000)
 ParOldGen       total 97280K, used 53740K [0x0000000080000000, 0x0000000085f00000, 0x00000000d5580000)
  object space 97280K, 55% used [0x0000000080000000,0x000000008347b3e8,0x0000000085f00000)
 Metaspace       used 89310K, capacity 93308K, committed 93336K, reserved 1130496K
  class space    used 11904K, capacity 12696K, committed 12720K, reserved 1048576K
}
Event: 58.974 GC heap before
{Heap before GC invocations=22 (full 3):
 PSYoungGen      total 286208K, used 127643K [0x00000000d5580000, 0x00000000e9500000, 0x0000000100000000)
  eden space 263168K, 40% used [0x00000000d5580000,0x00000000dbcd73a0,0x00000000e5680000)
  from space 23040K, 94% used [0x00000000e7200000,0x00000000e874f860,0x00000000e8880000)
  to   space 28160K, 0% used [0x00000000e5680000,0x00000000e5680000,0x00000000e7200000)
 ParOldGen       total 97280K, used 53740K [0x0000000080000000, 0x0000000085f00000, 0x00000000d5580000)
  object space 97280K, 55% used [0x0000000080000000,0x000000008347b3e8,0x0000000085f00000)
 Metaspace       used 94397K, capacity 98458K, committed 98584K, reserved 1134592K
  class space    used 12524K, capacity 13347K, committed 13360K, reserved 1048576K
Event: 59.047 GC heap after
Heap after GC invocations=22 (full 3):
 PSYoungGen      total 291328K, used 28136K [0x00000000d5580000, 0x00000000e9500000, 0x0000000100000000)
  eden space 263168K, 0% used [0x00000000d5580000,0x00000000d5580000,0x00000000e5680000)
  from space 28160K, 99% used [0x00000000e5680000,0x00000000e71fa2e8,0x00000000e7200000)
  to   space 23040K, 0% used [0x00000000e7200000,0x00000000e7200000,0x00000000e8880000)
 ParOldGen       total 98304K, used 98230K [0x0000000080000000, 0x0000000086000000, 0x00000000d5580000)
  object space 98304K, 99% used [0x0000000080000000,0x0000000085fed858,0x0000000086000000)
 Metaspace       used 94397K, capacity 98458K, committed 98584K, reserved 1134592K
  class space    used 12524K, capacity 13347K, committed 13360K, reserved 1048576K
}
Event: 59.048 GC heap before
{Heap before GC invocations=23 (full 4):
 PSYoungGen      total 291328K, used 28136K [0x00000000d5580000, 0x00000000e9500000, 0x0000000100000000)
  eden space 263168K, 0% used [0x00000000d5580000,0x00000000d5580000,0x00000000e5680000)
  from space 28160K, 99% used [0x00000000e5680000,0x00000000e71fa2e8,0x00000000e7200000)
  to   space 23040K, 0% used [0x00000000e7200000,0x00000000e7200000,0x00000000e8880000)
 ParOldGen       total 98304K, used 98230K [0x0000000080000000, 0x0000000086000000, 0x00000000d5580000)
  object space 98304K, 99% used [0x0000000080000000,0x0000000085fed858,0x0000000086000000)
 Metaspace       used 94397K, capacity 98458K, committed 98584K, reserved 1134592K
  class space    used 12524K, capacity 13347K, committed 13360K, reserved 1048576K
Event: 59.667 GC heap after
Heap after GC invocations=23 (full 4):
 PSYoungGen      total 291328K, used 17283K [0x00000000d5580000, 0x00000000e9500000, 0x0000000100000000)
  eden space 263168K, 0% used [0x00000000d5580000,0x00000000d5580000,0x00000000e5680000)
  from space 28160K, 61% used [0x00000000e5680000,0x00000000e6760e18,0x00000000e7200000)
  to   space 23040K, 0% used [0x00000000e7200000,0x00000000e7200000,0x00000000e8880000)
 ParOldGen       total 98304K, used 98182K [0x0000000080000000, 0x0000000086000000, 0x00000000d5580000)
  object space 98304K, 99% used [0x0000000080000000,0x0000000085fe1800,0x0000000086000000)
 Metaspace       used 94268K, capacity 98068K, committed 98584K, reserved 1134592K
  class space    used 12482K, capacity 13274K, committed 13360K, reserved 1048576K
}

