# JRE version: OpenJDK Runtime Environment (8.0_242-b01) (build 1.8.0_242-release-1644-b01)
# Java VM: OpenJDK 64-Bit Server VM (25.242-b01 mixed mode windows-amd64 compressed oops)
Heap:
 PSYoungGen      total 328704K, used 126329K [0x00000000d5580000, 0x00000000eb300000, 0x0000000100000000)
  eden space 304128K, 33% used [0x00000000d5580000,0x00000000db8dfdb0,0x00000000e7e80000)
  from space 24576K, 99% used [0x00000000e8300000,0x00000000e9afe7d8,0x00000000e9b00000)
  to   space 20480K, 0% used [0x00000000e9f00000,0x00000000e9f00000,0x00000000eb300000)
 ParOldGen       total 100864K, used 68295K [0x0000000080000000, 0x0000000086280000, 0x00000000d5580000)
  object space 100864K, 67% used [0x0000000080000000,0x00000000842b1d50,0x0000000086280000)
 Metaspace       used 79461K, capacity 83652K, committed 83992K, reserved 1122304K
  class space    used 10880K, capacity 11713K, committed 11824K, reserved 1048576K
GC Heap History (10 events):
Event: 7.580 GC heap before
{Heap before GC invocations=12 (full 2):
 PSYoungGen      total 201728K, used 189440K [0x00000000d5580000, 0x00000000e5b00000, 0x0000000100000000)
  eden space 189440K, 100% used [0x00000000d5580000,0x00000000e0e80000,0x00000000e0e80000)
  from space 12288K, 0% used [0x00000000e0e80000,0x00000000e0e80000,0x00000000e1a80000)
  to   space 13312K, 0% used [0x00000000e4e00000,0x00000000e4e00000,0x00000000e5b00000)
 ParOldGen       total 61952K, used 16398K [0x0000000080000000, 0x0000000083c80000, 0x00000000d5580000)
  object space 61952K, 26% used [0x0000000080000000,0x0000000081003bd0,0x0000000083c80000)
 Metaspace       used 44298K, capacity 46168K, committed 46376K, reserved 1089536K
  class space    used 6007K, capacity 6384K, committed 6448K, reserved 1048576K
Event: 7.613 GC heap after
Heap after GC invocations=12 (full 2):
 PSYoungGen      total 252416K, used 13301K [0x00000000d5580000, 0x00000000e6a80000, 0x0000000100000000)
  eden space 239104K, 0% used [0x00000000d5580000,0x00000000d5580000,0x00000000e3f00000)
  from space 13312K, 99% used [0x00000000e4e00000,0x00000000e5afd5e0,0x00000000e5b00000)
  to   space 15360K, 0% used [0x00000000e3f00000,0x00000000e3f00000,0x00000000e4e00000)
 ParOldGen       total 61952K, used 17223K [0x0000000080000000, 0x0000000083c80000, 0x00000000d5580000)
  object space 61952K, 27% used [0x0000000080000000,0x00000000810d1f58,0x0000000083c80000)
 Metaspace       used 44298K, capacity 46168K, committed 46376K, reserved 1089536K
  class space    used 6007K, capacity 6384K, committed 6448K, reserved 1048576K
}
Event: 9.986 GC heap before
{Heap before GC invocations=13 (full 2):
 PSYoungGen      total 252416K, used 174517K [0x00000000d5580000, 0x00000000e6a80000, 0x0000000100000000)
  eden space 239104K, 67% used [0x00000000d5580000,0x00000000df2f0020,0x00000000e3f00000)
  from space 13312K, 99% used [0x00000000e4e00000,0x00000000e5afd5e0,0x00000000e5b00000)
  to   space 15360K, 0% used [0x00000000e3f00000,0x00000000e3f00000,0x00000000e4e00000)
 ParOldGen       total 61952K, used 17223K [0x0000000080000000, 0x0000000083c80000, 0x00000000d5580000)
  object space 61952K, 27% used [0x0000000080000000,0x00000000810d1f58,0x0000000083c80000)
 Metaspace       used 56842K, capacity 59080K, committed 59160K, reserved 1099776K
  class space    used 7719K, capacity 8217K, committed 8240K, reserved 1048576K
Event: 10.050 GC heap after
Heap after GC invocations=13 (full 2):
 PSYoungGen      total 254464K, used 15341K [0x00000000d5580000, 0x00000000eb400000, 0x0000000100000000)
  eden space 239104K, 0% used [0x00000000d5580000,0x00000000d5580000,0x00000000e3f00000)
  from space 15360K, 99% used [0x00000000e3f00000,0x00000000e4dfb698,0x00000000e4e00000)
  to   space 21504K, 0% used [0x00000000e9f00000,0x00000000e9f00000,0x00000000eb400000)
 ParOldGen       total 61952K, used 28417K [0x0000000080000000, 0x0000000083c80000, 0x00000000d5580000)
  object space 61952K, 45% used [0x0000000080000000,0x0000000081bc0560,0x0000000083c80000)
 Metaspace       used 56842K, capacity 59080K, committed 59160K, reserved 1099776K
  class space    used 7719K, capacity 8217K, committed 8240K, reserved 1048576K
}
Event: 10.050 GC heap before
{Heap before GC invocations=14 (full 3):
 PSYoungGen      total 254464K, used 15341K [0x00000000d5580000, 0x00000000eb400000, 0x0000000100000000)
  eden space 239104K, 0% used [0x00000000d5580000,0x00000000d5580000,0x00000000e3f00000)
  from space 15360K, 99% used [0x00000000e3f00000,0x00000000e4dfb698,0x00000000e4e00000)
  to   space 21504K, 0% used [0x00000000e9f00000,0x00000000e9f00000,0x00000000eb400000)
 ParOldGen       total 61952K, used 28417K [0x0000000080000000, 0x0000000083c80000, 0x00000000d5580000)
  object space 61952K, 45% used [0x0000000080000000,0x0000000081bc0560,0x0000000083c80000)
 Metaspace       used 56842K, capacity 59080K, committed 59160K, reserved 1099776K
  class space    used 7719K, capacity 8217K, committed 8240K, reserved 1048576K
Event: 10.285 GC heap after
Heap after GC invocations=14 (full 3):
 PSYoungGen      total 254464K, used 0K [0x00000000d5580000, 0x00000000eb400000, 0x0000000100000000)
  eden space 239104K, 0% used [0x00000000d5580000,0x00000000d5580000,0x00000000e3f00000)
  from space 15360K, 0% used [0x00000000e3f00000,0x00000000e3f00000,0x00000000e4e00000)
  to   space 21504K, 0% used [0x00000000e9f00000,0x00000000e9f00000,0x00000000eb400000)
 ParOldGen       total 100864K, used 38856K [0x0000000080000000, 0x0000000086280000, 0x00000000d5580000)
  object space 100864K, 38% used [0x0000000080000000,0x00000000825f2260,0x0000000086280000)
 Metaspace       used 56826K, capacity 59026K, committed 59160K, reserved 1099776K
  class space    used 7714K, capacity 8208K, committed 8240K, reserved 1048576K
}
Event: 14.968 GC heap before
{Heap before GC invocations=15 (full 3):
 PSYoungGen      total 254464K, used 239104K [0x00000000d5580000, 0x00000000eb400000, 0x0000000100000000)
  eden space 239104K, 100% used [0x00000000d5580000,0x00000000e3f00000,0x00000000e3f00000)
  from space 15360K, 0% used [0x00000000e3f00000,0x00000000e3f00000,0x00000000e4e00000)
  to   space 21504K, 0% used [0x00000000e9f00000,0x00000000e9f00000,0x00000000eb400000)
 ParOldGen       total 100864K, used 38856K [0x0000000080000000, 0x0000000086280000, 0x00000000d5580000)
  object space 100864K, 38% used [0x0000000080000000,0x00000000825f2260,0x0000000086280000)
 Metaspace       used 67302K, capacity 70406K, committed 70552K, reserved 1110016K
  class space    used 9219K, capacity 9874K, committed 9904K, reserved 1048576K
Event: 14.997 GC heap after
Heap after GC invocations=15 (full 3):
 PSYoungGen      total 324608K, used 20464K [0x00000000d5580000, 0x00000000eb300000, 0x0000000100000000)
  eden space 304128K, 0% used [0x00000000d5580000,0x00000000d5580000,0x00000000e7e80000)
  from space 20480K, 99% used [0x00000000e9f00000,0x00000000eb2fc1f0,0x00000000eb300000)
  to   space 24576K, 0% used [0x00000000e8300000,0x00000000e8300000,0x00000000e9b00000)
 ParOldGen       total 100864K, used 38864K [0x0000000080000000, 0x0000000086280000, 0x00000000d5580000)
  object space 100864K, 38% used [0x0000000080000000,0x00000000825f4260,0x0000000086280000)
 Metaspace       used 67302K, capacity 70406K, committed 70552K, reserved 1110016K
  class space    used 9219K, capacity 9874K, committed 9904K, reserved 1048576K
}
Event: 18.171 GC heap before
{Heap before GC invocations=16 (full 3):
 PSYoungGen      total 324608K, used 324592K [0x00000000d5580000, 0x00000000eb300000, 0x0000000100000000)
  eden space 304128K, 100% used [0x00000000d5580000,0x00000000e7e80000,0x00000000e7e80000)
  from space 20480K, 99% used [0x00000000e9f00000,0x00000000eb2fc1f0,0x00000000eb300000)
  to   space 24576K, 0% used [0x00000000e8300000,0x00000000e8300000,0x00000000e9b00000)
 ParOldGen       total 100864K, used 38864K [0x0000000080000000, 0x0000000086280000, 0x00000000d5580000)
  object space 100864K, 38% used [0x0000000080000000,0x00000000825f4260,0x0000000086280000)
 Metaspace       used 78419K, capacity 82578K, committed 82840K, reserved 1120256K
  class space    used 10836K, capacity 11674K, committed 11696K, reserved 1048576K
Event: 18.240 GC heap after
Heap after GC invocations=16 (full 3):
 PSYoungGen      total 328704K, used 24569K [0x00000000d5580000, 0x00000000eb300000, 0x0000000100000000)
  eden space 304128K, 0% used [0x00000000d5580000,0x00000000d5580000,0x00000000e7e80000)
  from space 24576K, 99% used [0x00000000e8300000,0x00000000e9afe7d8,0x00000000e9b00000)
  to   space 20480K, 0% used [0x00000000e9f00000,0x00000000e9f00000,0x00000000eb300000)
 ParOldGen       total 100864K, used 68295K [0x0000000080000000, 0x0000000086280000, 0x00000000d5580000)
  object space 100864K, 67% used [0x0000000080000000,0x00000000842b1d50,0x0000000086280000)
 Metaspace       used 78419K, capacity 82578K, committed 82840K, reserved 1120256K
  class space    used 10836K, capacity 11674K, committed 11696K, reserved 1048576K
}

