# JRE version: OpenJDK Runtime Environment (8.0_242-b01) (build 1.8.0_242-release-1644-b01)
# Java VM: OpenJDK 64-Bit Server VM (25.242-b01 mixed mode windows-amd64 compressed oops)
Heap:
 PSYoungGen      total 329216K, used 270786K [0x00000000d5580000, 0x00000000eb680000, 0x0000000100000000)
  eden space 307200K, 81% used [0x00000000d5580000,0x00000000e48c47f0,0x00000000e8180000)
  from space 22016K, 98% used [0x00000000ea100000,0x00000000eb62c148,0x00000000eb680000)
  to   space 25088K, 0% used [0x00000000e8580000,0x00000000e8580000,0x00000000e9e00000)
 ParOldGen       total 102912K, used 38906K [0x0000000080000000, 0x0000000086480000, 0x00000000d5580000)
  object space 102912K, 37% used [0x0000000080000000,0x00000000825fea68,0x0000000086480000)
 Metaspace       used 77719K, capacity 81652K, committed 81688K, reserved 1120256K
  class space    used 10752K, capacity 11541K, committed 11568K, reserved 1048576K
GC Heap History (10 events):
Event: 4.419 GC heap before
{Heap before GC invocations=11 (full 2):
 PSYoungGen      total 201728K, used 10116K [0x00000000d5580000, 0x00000000e6400000, 0x0000000100000000)
  eden space 189440K, 0% used [0x00000000d5580000,0x00000000d5580000,0x00000000e0e80000)
  from space 12288K, 82% used [0x00000000e0e80000,0x00000000e1861300,0x00000000e1a80000)
  to   space 13312K, 0% used [0x00000000e5700000,0x00000000e5700000,0x00000000e6400000)
 ParOldGen       total 44544K, used 11619K [0x0000000080000000, 0x0000000082b80000, 0x00000000d5580000)
  object space 44544K, 26% used [0x0000000080000000,0x0000000080b58e68,0x0000000082b80000)
 Metaspace       used 34317K, capacity 35462K, committed 35496K, reserved 1079296K
  class space    used 4725K, capacity 5038K, committed 5040K, reserved 1048576K
Event: 4.513 GC heap after
Heap after GC invocations=11 (full 2):
 PSYoungGen      total 201728K, used 0K [0x00000000d5580000, 0x00000000e6400000, 0x0000000100000000)
  eden space 189440K, 0% used [0x00000000d5580000,0x00000000d5580000,0x00000000e0e80000)
  from space 12288K, 0% used [0x00000000e0e80000,0x00000000e0e80000,0x00000000e1a80000)
  to   space 13312K, 0% used [0x00000000e5700000,0x00000000e5700000,0x00000000e6400000)
 ParOldGen       total 62976K, used 16483K [0x0000000080000000, 0x0000000083d80000, 0x00000000d5580000)
  object space 62976K, 26% used [0x0000000080000000,0x0000000081018fd0,0x0000000083d80000)
 Metaspace       used 34317K, capacity 35462K, committed 35496K, reserved 1079296K
  class space    used 4725K, capacity 5038K, committed 5040K, reserved 1048576K
}
Event: 8.294 GC heap before
{Heap before GC invocations=12 (full 2):
 PSYoungGen      total 201728K, used 189440K [0x00000000d5580000, 0x00000000e6400000, 0x0000000100000000)
  eden space 189440K, 100% used [0x00000000d5580000,0x00000000e0e80000,0x00000000e0e80000)
  from space 12288K, 0% used [0x00000000e0e80000,0x00000000e0e80000,0x00000000e1a80000)
  to   space 13312K, 0% used [0x00000000e5700000,0x00000000e5700000,0x00000000e6400000)
 ParOldGen       total 62976K, used 16483K [0x0000000080000000, 0x0000000083d80000, 0x00000000d5580000)
  object space 62976K, 26% used [0x0000000080000000,0x0000000081018fd0,0x0000000083d80000)
 Metaspace       used 44370K, capacity 46180K, committed 46376K, reserved 1089536K
  class space    used 6020K, capacity 6414K, committed 6448K, reserved 1048576K
Event: 8.325 GC heap after
Heap after GC invocations=12 (full 2):
 PSYoungGen      total 260608K, used 13292K [0x00000000d5580000, 0x00000000e6500000, 0x0000000100000000)
  eden space 247296K, 0% used [0x00000000d5580000,0x00000000d5580000,0x00000000e4700000)
  from space 13312K, 99% used [0x00000000e5700000,0x00000000e63fb108,0x00000000e6400000)
  to   space 15360K, 0% used [0x00000000e4700000,0x00000000e4700000,0x00000000e5600000)
 ParOldGen       total 62976K, used 17357K [0x0000000080000000, 0x0000000083d80000, 0x00000000d5580000)
  object space 62976K, 27% used [0x0000000080000000,0x00000000810f37f8,0x0000000083d80000)
 Metaspace       used 44370K, capacity 46180K, committed 46376K, reserved 1089536K
  class space    used 6020K, capacity 6414K, committed 6448K, reserved 1048576K
}
Event: 10.380 GC heap before
{Heap before GC invocations=13 (full 2):
 PSYoungGen      total 260608K, used 174988K [0x00000000d5580000, 0x00000000e6500000, 0x0000000100000000)
  eden space 247296K, 65% used [0x00000000d5580000,0x00000000df368220,0x00000000e4700000)
  from space 13312K, 99% used [0x00000000e5700000,0x00000000e63fb108,0x00000000e6400000)
  to   space 15360K, 0% used [0x00000000e4700000,0x00000000e4700000,0x00000000e5600000)
 ParOldGen       total 62976K, used 17357K [0x0000000080000000, 0x0000000083d80000, 0x00000000d5580000)
  object space 62976K, 27% used [0x0000000080000000,0x00000000810f37f8,0x0000000083d80000)
 Metaspace       used 56873K, capacity 59104K, committed 59160K, reserved 1099776K
  class space    used 7722K, capacity 8211K, committed 8240K, reserved 1048576K
Event: 10.418 GC heap after
Heap after GC invocations=13 (full 2):
 PSYoungGen      total 262656K, used 15352K [0x00000000d5580000, 0x00000000eb680000, 0x0000000100000000)
  eden space 247296K, 0% used [0x00000000d5580000,0x00000000d5580000,0x00000000e4700000)
  from space 15360K, 99% used [0x00000000e4700000,0x00000000e55fe2c0,0x00000000e5600000)
  to   space 22016K, 0% used [0x00000000ea100000,0x00000000ea100000,0x00000000eb680000)
 ParOldGen       total 62976K, used 28564K [0x0000000080000000, 0x0000000083d80000, 0x00000000d5580000)
  object space 62976K, 45% used [0x0000000080000000,0x0000000081be5340,0x0000000083d80000)
 Metaspace       used 56873K, capacity 59104K, committed 59160K, reserved 1099776K
  class space    used 7722K, capacity 8211K, committed 8240K, reserved 1048576K
}
Event: 10.418 GC heap before
{Heap before GC invocations=14 (full 3):
 PSYoungGen      total 262656K, used 15352K [0x00000000d5580000, 0x00000000eb680000, 0x0000000100000000)
  eden space 247296K, 0% used [0x00000000d5580000,0x00000000d5580000,0x00000000e4700000)
  from space 15360K, 99% used [0x00000000e4700000,0x00000000e55fe2c0,0x00000000e5600000)
  to   space 22016K, 0% used [0x00000000ea100000,0x00000000ea100000,0x00000000eb680000)
 ParOldGen       total 62976K, used 28564K [0x0000000080000000, 0x0000000083d80000, 0x00000000d5580000)
  object space 62976K, 45% used [0x0000000080000000,0x0000000081be5340,0x0000000083d80000)
 Metaspace       used 56873K, capacity 59104K, committed 59160K, reserved 1099776K
  class space    used 7722K, capacity 8211K, committed 8240K, reserved 1048576K
Event: 10.652 GC heap after
Heap after GC invocations=14 (full 3):
 PSYoungGen      total 262656K, used 0K [0x00000000d5580000, 0x00000000eb680000, 0x0000000100000000)
  eden space 247296K, 0% used [0x00000000d5580000,0x00000000d5580000,0x00000000e4700000)
  from space 15360K, 0% used [0x00000000e4700000,0x00000000e4700000,0x00000000e5600000)
  to   space 22016K, 0% used [0x00000000ea100000,0x00000000ea100000,0x00000000eb680000)
 ParOldGen       total 102912K, used 38898K [0x0000000080000000, 0x0000000086480000, 0x00000000d5580000)
  object space 102912K, 37% used [0x0000000080000000,0x00000000825fca68,0x0000000086480000)
 Metaspace       used 56868K, capacity 59086K, committed 59160K, reserved 1099776K
  class space    used 7720K, capacity 8208K, committed 8240K, reserved 1048576K
}
Event: 14.723 GC heap before
{Heap before GC invocations=15 (full 3):
 PSYoungGen      total 262656K, used 247296K [0x00000000d5580000, 0x00000000eb680000, 0x0000000100000000)
  eden space 247296K, 100% used [0x00000000d5580000,0x00000000e4700000,0x00000000e4700000)
  from space 15360K, 0% used [0x00000000e4700000,0x00000000e4700000,0x00000000e5600000)
  to   space 22016K, 0% used [0x00000000ea100000,0x00000000ea100000,0x00000000eb680000)
 ParOldGen       total 102912K, used 38898K [0x0000000080000000, 0x0000000086480000, 0x00000000d5580000)
  object space 102912K, 37% used [0x0000000080000000,0x00000000825fca68,0x0000000086480000)
 Metaspace       used 68307K, capacity 71362K, committed 71448K, reserved 1110016K
  class space    used 9331K, capacity 9962K, committed 10032K, reserved 1048576K
Event: 14.744 GC heap after
Heap after GC invocations=15 (full 3):
 PSYoungGen      total 329216K, used 21680K [0x00000000d5580000, 0x00000000eb680000, 0x0000000100000000)
  eden space 307200K, 0% used [0x00000000d5580000,0x00000000d5580000,0x00000000e8180000)
  from space 22016K, 98% used [0x00000000ea100000,0x00000000eb62c148,0x00000000eb680000)
  to   space 25088K, 0% used [0x00000000e8580000,0x00000000e8580000,0x00000000e9e00000)
 ParOldGen       total 102912K, used 38906K [0x0000000080000000, 0x0000000086480000, 0x00000000d5580000)
  object space 102912K, 37% used [0x0000000080000000,0x00000000825fea68,0x0000000086480000)
 Metaspace       used 68307K, capacity 71362K, committed 71448K, reserved 1110016K
  class space    used 9331K, capacity 9962K, committed 10032K, reserved 1048576K
}

