# JRE version: OpenJDK Runtime Environment (8.0_242-b01) (build 1.8.0_242-release-1644-b01)
# Java VM: OpenJDK 64-Bit Server VM (25.242-b01 mixed mode windows-amd64 compressed oops)
Heap:
 PSYoungGen      total 335872K, used 83350K [0x00000000d5580000, 0x00000000eb900000, 0x0000000100000000)
  eden space 310784K, 18% used [0x00000000d5580000,0x00000000d8e6ce58,0x00000000e8500000)
  from space 25088K, 99% used [0x00000000e8800000,0x00000000ea078d00,0x00000000ea080000)
  to   space 21504K, 0% used [0x00000000ea400000,0x00000000ea400000,0x00000000eb900000)
 ParOldGen       total 101376K, used 56607K [0x0000000080000000, 0x0000000086300000, 0x00000000d5580000)
  object space 101376K, 55% used [0x0000000080000000,0x0000000083747e10,0x0000000086300000)
 Metaspace       used 81247K, capacity 86568K, committed 86808K, reserved 1124352K
  class space    used 11308K, capacity 12311K, committed 12336K, reserved 1048576K
GC Heap History (10 events):
Event: 8.066 GC heap before
{Heap before GC invocations=12 (full 2):
 PSYoungGen      total 201728K, used 189440K [0x00000000d5580000, 0x00000000e6380000, 0x0000000100000000)
  eden space 189440K, 100% used [0x00000000d5580000,0x00000000e0e80000,0x00000000e0e80000)
  from space 12288K, 0% used [0x00000000e0e80000,0x00000000e0e80000,0x00000000e1a80000)
  to   space 13312K, 0% used [0x00000000e5680000,0x00000000e5680000,0x00000000e6380000)
 ParOldGen       total 62464K, used 16526K [0x0000000080000000, 0x0000000083d00000, 0x00000000d5580000)
  object space 62464K, 26% used [0x0000000080000000,0x0000000081023a18,0x0000000083d00000)
 Metaspace       used 44446K, capacity 46234K, committed 46376K, reserved 1089536K
  class space    used 6021K, capacity 6411K, committed 6448K, reserved 1048576K
Event: 8.086 GC heap after
Heap after GC invocations=12 (full 2):
 PSYoungGen      total 261120K, used 13285K [0x00000000d5580000, 0x00000000e6780000, 0x0000000100000000)
  eden space 247808K, 0% used [0x00000000d5580000,0x00000000d5580000,0x00000000e4780000)
  from space 13312K, 99% used [0x00000000e5680000,0x00000000e6379648,0x00000000e6380000)
  to   space 15360K, 0% used [0x00000000e4780000,0x00000000e4780000,0x00000000e5680000)
 ParOldGen       total 62464K, used 17502K [0x0000000080000000, 0x0000000083d00000, 0x00000000d5580000)
  object space 62464K, 28% used [0x0000000080000000,0x00000000811179b0,0x0000000083d00000)
 Metaspace       used 44446K, capacity 46234K, committed 46376K, reserved 1089536K
  class space    used 6021K, capacity 6411K, committed 6448K, reserved 1048576K
}
Event: 10.930 GC heap before
{Heap before GC invocations=13 (full 2):
 PSYoungGen      total 261120K, used 176040K [0x00000000d5580000, 0x00000000e6780000, 0x0000000100000000)
  eden space 247808K, 65% used [0x00000000d5580000,0x00000000df470a08,0x00000000e4780000)
  from space 13312K, 99% used [0x00000000e5680000,0x00000000e6379648,0x00000000e6380000)
  to   space 15360K, 0% used [0x00000000e4780000,0x00000000e4780000,0x00000000e5680000)
 ParOldGen       total 62464K, used 17502K [0x0000000080000000, 0x0000000083d00000, 0x00000000d5580000)
  object space 62464K, 28% used [0x0000000080000000,0x00000000811179b0,0x0000000083d00000)
 Metaspace       used 56937K, capacity 59102K, committed 59160K, reserved 1099776K
  class space    used 7720K, capacity 8208K, committed 8240K, reserved 1048576K
Event: 10.984 GC heap after
Heap after GC invocations=13 (full 2):
 PSYoungGen      total 263168K, used 15338K [0x00000000d5580000, 0x00000000eb980000, 0x0000000100000000)
  eden space 247808K, 0% used [0x00000000d5580000,0x00000000d5580000,0x00000000e4780000)
  from space 15360K, 99% used [0x00000000e4780000,0x00000000e567aa00,0x00000000e5680000)
  to   space 22016K, 0% used [0x00000000ea400000,0x00000000ea400000,0x00000000eb980000)
 ParOldGen       total 62464K, used 28653K [0x0000000080000000, 0x0000000083d00000, 0x00000000d5580000)
  object space 62464K, 45% used [0x0000000080000000,0x0000000081bfb4b0,0x0000000083d00000)
 Metaspace       used 56937K, capacity 59102K, committed 59160K, reserved 1099776K
  class space    used 7720K, capacity 8208K, committed 8240K, reserved 1048576K
}
Event: 10.984 GC heap before
{Heap before GC invocations=14 (full 3):
 PSYoungGen      total 263168K, used 15338K [0x00000000d5580000, 0x00000000eb980000, 0x0000000100000000)
  eden space 247808K, 0% used [0x00000000d5580000,0x00000000d5580000,0x00000000e4780000)
  from space 15360K, 99% used [0x00000000e4780000,0x00000000e567aa00,0x00000000e5680000)
  to   space 22016K, 0% used [0x00000000ea400000,0x00000000ea400000,0x00000000eb980000)
 ParOldGen       total 62464K, used 28653K [0x0000000080000000, 0x0000000083d00000, 0x00000000d5580000)
  object space 62464K, 45% used [0x0000000080000000,0x0000000081bfb4b0,0x0000000083d00000)
 Metaspace       used 56937K, capacity 59102K, committed 59160K, reserved 1099776K
  class space    used 7720K, capacity 8208K, committed 8240K, reserved 1048576K
Event: 11.234 GC heap after
Heap after GC invocations=14 (full 3):
 PSYoungGen      total 263168K, used 0K [0x00000000d5580000, 0x00000000eb980000, 0x0000000100000000)
  eden space 247808K, 0% used [0x00000000d5580000,0x00000000d5580000,0x00000000e4780000)
  from space 15360K, 0% used [0x00000000e4780000,0x00000000e4780000,0x00000000e5680000)
  to   space 22016K, 0% used [0x00000000ea400000,0x00000000ea400000,0x00000000eb980000)
 ParOldGen       total 101376K, used 38888K [0x0000000080000000, 0x0000000086300000, 0x00000000d5580000)
  object space 101376K, 38% used [0x0000000080000000,0x00000000825fa0d8,0x0000000086300000)
 Metaspace       used 56937K, capacity 59102K, committed 59160K, reserved 1099776K
  class space    used 7720K, capacity 8208K, committed 8240K, reserved 1048576K
}
Event: 15.552 GC heap before
{Heap before GC invocations=15 (full 3):
 PSYoungGen      total 263168K, used 247808K [0x00000000d5580000, 0x00000000eb980000, 0x0000000100000000)
  eden space 247808K, 100% used [0x00000000d5580000,0x00000000e4780000,0x00000000e4780000)
  from space 15360K, 0% used [0x00000000e4780000,0x00000000e4780000,0x00000000e5680000)
  to   space 22016K, 0% used [0x00000000ea400000,0x00000000ea400000,0x00000000eb980000)
 ParOldGen       total 101376K, used 38888K [0x0000000080000000, 0x0000000086300000, 0x00000000d5580000)
  object space 101376K, 38% used [0x0000000080000000,0x00000000825fa0d8,0x0000000086300000)
 Metaspace       used 68222K, capacity 71386K, committed 71448K, reserved 1110016K
  class space    used 9335K, capacity 9998K, committed 10032K, reserved 1048576K
Event: 15.573 GC heap after
Heap after GC invocations=15 (full 3):
 PSYoungGen      total 332288K, used 21124K [0x00000000d5580000, 0x00000000eb900000, 0x0000000100000000)
  eden space 310784K, 0% used [0x00000000d5580000,0x00000000d5580000,0x00000000e8500000)
  from space 21504K, 98% used [0x00000000ea400000,0x00000000eb8a1340,0x00000000eb900000)
  to   space 25088K, 0% used [0x00000000e8800000,0x00000000e8800000,0x00000000ea080000)
 ParOldGen       total 101376K, used 38896K [0x0000000080000000, 0x0000000086300000, 0x00000000d5580000)
  object space 101376K, 38% used [0x0000000080000000,0x00000000825fc0d8,0x0000000086300000)
 Metaspace       used 68222K, capacity 71386K, committed 71448K, reserved 1110016K
  class space    used 9335K, capacity 9998K, committed 10032K, reserved 1048576K
}
Event: 19.326 GC heap before
{Heap before GC invocations=16 (full 3):
 PSYoungGen      total 332288K, used 331908K [0x00000000d5580000, 0x00000000eb900000, 0x0000000100000000)
  eden space 310784K, 100% used [0x00000000d5580000,0x00000000e8500000,0x00000000e8500000)
  from space 21504K, 98% used [0x00000000ea400000,0x00000000eb8a1340,0x00000000eb900000)
  to   space 25088K, 0% used [0x00000000e8800000,0x00000000e8800000,0x00000000ea080000)
 ParOldGen       total 101376K, used 38896K [0x0000000080000000, 0x0000000086300000, 0x00000000d5580000)
  object space 101376K, 38% used [0x0000000080000000,0x00000000825fc0d8,0x0000000086300000)
 Metaspace       used 80872K, capacity 86166K, committed 86296K, reserved 1124352K
  class space    used 11276K, capacity 12274K, committed 12336K, reserved 1048576K
Event: 19.384 GC heap after
Heap after GC invocations=16 (full 3):
 PSYoungGen      total 335872K, used 25059K [0x00000000d5580000, 0x00000000eb900000, 0x0000000100000000)
  eden space 310784K, 0% used [0x00000000d5580000,0x00000000d5580000,0x00000000e8500000)
  from space 25088K, 99% used [0x00000000e8800000,0x00000000ea078d00,0x00000000ea080000)
  to   space 21504K, 0% used [0x00000000ea400000,0x00000000ea400000,0x00000000eb900000)
 ParOldGen       total 101376K, used 56607K [0x0000000080000000, 0x0000000086300000, 0x00000000d5580000)
  object space 101376K, 55% used [0x0000000080000000,0x0000000083747e10,0x0000000086300000)
 Metaspace       used 80872K, capacity 86166K, committed 86296K, reserved 1124352K
  class space    used 11276K, capacity 12274K, committed 12336K, reserved 1048576K
}

