# JRE version: OpenJDK Runtime Environment (8.0_242-b01) (build 1.8.0_242-release-1644-b01)
# Java VM: OpenJDK 64-Bit Server VM (25.242-b01 mixed mode windows-amd64 compressed oops)
Heap:
 PSYoungGen      total 265728K, used 126174K [0x00000000d5580000, 0x00000000e9b00000, 0x0000000100000000)
  eden space 238592K, 41% used [0x00000000d5580000,0x00000000db6399e8,0x00000000e3e80000)
  from space 27136K, 99% used [0x00000000e8080000,0x00000000e9afdf40,0x00000000e9b00000)
  to   space 19968K, 0% used [0x00000000e3e80000,0x00000000e3e80000,0x00000000e5200000)
 ParOldGen       total 97280K, used 67589K [0x0000000080000000, 0x0000000085f00000, 0x00000000d5580000)
  object space 97280K, 69% used [0x0000000080000000,0x00000000842014a0,0x0000000085f00000)
 Metaspace       used 80572K, capacity 85022K, committed 85144K, reserved 1122304K
  class space    used 11015K, capacity 11866K, committed 11952K, reserved 1048576K
GC Heap History (10 events):
Event: 8.563 GC heap before
{Heap before GC invocations=15 (full 2):
 PSYoungGen      total 199168K, used 67673K [0x00000000d5580000, 0x00000000e3000000, 0x0000000100000000)
  eden space 185856K, 29% used [0x00000000d5580000,0x00000000d8a99ed8,0x00000000e0b00000)
  from space 13312K, 99% used [0x00000000e1d00000,0x00000000e29fc6e8,0x00000000e2a00000)
  to   space 18432K, 0% used [0x00000000e0b00000,0x00000000e0b00000,0x00000000e1d00000)
 ParOldGen       total 60416K, used 26117K [0x0000000080000000, 0x0000000083b00000, 0x00000000d5580000)
  object space 60416K, 43% used [0x0000000080000000,0x0000000081981538,0x0000000083b00000)
 Metaspace       used 56862K, capacity 59090K, committed 59160K, reserved 1099776K
  class space    used 7720K, capacity 8218K, committed 8240K, reserved 1048576K
Event: 8.593 GC heap after
Heap after GC invocations=15 (full 2):
 PSYoungGen      total 204288K, used 6857K [0x00000000d5580000, 0x00000000e6600000, 0x0000000100000000)
  eden space 185856K, 0% used [0x00000000d5580000,0x00000000d5580000,0x00000000e0b00000)
  from space 18432K, 37% used [0x00000000e0b00000,0x00000000e11b27e0,0x00000000e1d00000)
  to   space 17920K, 0% used [0x00000000e5480000,0x00000000e5480000,0x00000000e6600000)
 ParOldGen       total 60416K, used 35326K [0x0000000080000000, 0x0000000083b00000, 0x00000000d5580000)
  object space 60416K, 58% used [0x0000000080000000,0x000000008227f880,0x0000000083b00000)
 Metaspace       used 56862K, capacity 59090K, committed 59160K, reserved 1099776K
  class space    used 7720K, capacity 8218K, committed 8240K, reserved 1048576K
}
Event: 8.593 GC heap before
{Heap before GC invocations=16 (full 3):
 PSYoungGen      total 204288K, used 6857K [0x00000000d5580000, 0x00000000e6600000, 0x0000000100000000)
  eden space 185856K, 0% used [0x00000000d5580000,0x00000000d5580000,0x00000000e0b00000)
  from space 18432K, 37% used [0x00000000e0b00000,0x00000000e11b27e0,0x00000000e1d00000)
  to   space 17920K, 0% used [0x00000000e5480000,0x00000000e5480000,0x00000000e6600000)
 ParOldGen       total 60416K, used 35326K [0x0000000080000000, 0x0000000083b00000, 0x00000000d5580000)
  object space 60416K, 58% used [0x0000000080000000,0x000000008227f880,0x0000000083b00000)
 Metaspace       used 56862K, capacity 59090K, committed 59160K, reserved 1099776K
  class space    used 7720K, capacity 8218K, committed 8240K, reserved 1048576K
Event: 8.890 GC heap after
Heap after GC invocations=16 (full 3):
 PSYoungGen      total 204288K, used 0K [0x00000000d5580000, 0x00000000e6600000, 0x0000000100000000)
  eden space 185856K, 0% used [0x00000000d5580000,0x00000000d5580000,0x00000000e0b00000)
  from space 18432K, 0% used [0x00000000e0b00000,0x00000000e0b00000,0x00000000e1d00000)
  to   space 17920K, 0% used [0x00000000e5480000,0x00000000e5480000,0x00000000e6600000)
 ParOldGen       total 97280K, used 33793K [0x0000000080000000, 0x0000000085f00000, 0x00000000d5580000)
  object space 97280K, 34% used [0x0000000080000000,0x0000000082100740,0x0000000085f00000)
 Metaspace       used 56844K, capacity 59030K, committed 59160K, reserved 1099776K
  class space    used 7714K, capacity 8208K, committed 8240K, reserved 1048576K
}
Event: 12.872 GC heap before
{Heap before GC invocations=17 (full 3):
 PSYoungGen      total 204288K, used 185856K [0x00000000d5580000, 0x00000000e6600000, 0x0000000100000000)
  eden space 185856K, 100% used [0x00000000d5580000,0x00000000e0b00000,0x00000000e0b00000)
  from space 18432K, 0% used [0x00000000e0b00000,0x00000000e0b00000,0x00000000e1d00000)
  to   space 17920K, 0% used [0x00000000e5480000,0x00000000e5480000,0x00000000e6600000)
 ParOldGen       total 97280K, used 33793K [0x0000000080000000, 0x0000000085f00000, 0x00000000d5580000)
  object space 97280K, 34% used [0x0000000080000000,0x0000000082100740,0x0000000085f00000)
 Metaspace       used 66071K, capacity 69018K, committed 69144K, reserved 1107968K
  class space    used 9072K, capacity 9696K, committed 9776K, reserved 1048576K
Event: 12.893 GC heap after
Heap after GC invocations=17 (full 3):
 PSYoungGen      total 244736K, used 17208K [0x00000000d5580000, 0x00000000e6580000, 0x0000000100000000)
  eden space 227328K, 0% used [0x00000000d5580000,0x00000000d5580000,0x00000000e3380000)
  from space 17408K, 98% used [0x00000000e5480000,0x00000000e654e050,0x00000000e6580000)
  to   space 19968K, 0% used [0x00000000e3e80000,0x00000000e3e80000,0x00000000e5200000)
 ParOldGen       total 97280K, used 33801K [0x0000000080000000, 0x0000000085f00000, 0x00000000d5580000)
  object space 97280K, 34% used [0x0000000080000000,0x0000000082102740,0x0000000085f00000)
 Metaspace       used 66071K, capacity 69018K, committed 69144K, reserved 1107968K
  class space    used 9072K, capacity 9696K, committed 9776K, reserved 1048576K
}
Event: 15.277 GC heap before
{Heap before GC invocations=18 (full 3):
 PSYoungGen      total 244736K, used 244536K [0x00000000d5580000, 0x00000000e6580000, 0x0000000100000000)
  eden space 227328K, 100% used [0x00000000d5580000,0x00000000e3380000,0x00000000e3380000)
  from space 17408K, 98% used [0x00000000e5480000,0x00000000e654e050,0x00000000e6580000)
  to   space 19968K, 0% used [0x00000000e3e80000,0x00000000e3e80000,0x00000000e5200000)
 ParOldGen       total 97280K, used 33801K [0x0000000080000000, 0x0000000085f00000, 0x00000000d5580000)
  object space 97280K, 34% used [0x0000000080000000,0x0000000082102740,0x0000000085f00000)
 Metaspace       used 71137K, capacity 74302K, committed 74648K, reserved 1114112K
  class space    used 9709K, capacity 10306K, committed 10416K, reserved 1048576K
Event: 15.342 GC heap after
Heap after GC invocations=18 (full 3):
 PSYoungGen      total 258560K, used 19959K [0x00000000d5580000, 0x00000000e9b00000, 0x0000000100000000)
  eden space 238592K, 0% used [0x00000000d5580000,0x00000000d5580000,0x00000000e3e80000)
  from space 19968K, 99% used [0x00000000e3e80000,0x00000000e51fdeb0,0x00000000e5200000)
  to   space 27136K, 0% used [0x00000000e8080000,0x00000000e8080000,0x00000000e9b00000)
 ParOldGen       total 97280K, used 44732K [0x0000000080000000, 0x0000000085f00000, 0x00000000d5580000)
  object space 97280K, 45% used [0x0000000080000000,0x0000000082baf1e0,0x0000000085f00000)
 Metaspace       used 71137K, capacity 74302K, committed 74648K, reserved 1114112K
  class space    used 9709K, capacity 10306K, committed 10416K, reserved 1048576K
}
Event: 18.040 GC heap before
{Heap before GC invocations=19 (full 3):
 PSYoungGen      total 258560K, used 258551K [0x00000000d5580000, 0x00000000e9b00000, 0x0000000100000000)
  eden space 238592K, 100% used [0x00000000d5580000,0x00000000e3e80000,0x00000000e3e80000)
  from space 19968K, 99% used [0x00000000e3e80000,0x00000000e51fdeb0,0x00000000e5200000)
  to   space 27136K, 0% used [0x00000000e8080000,0x00000000e8080000,0x00000000e9b00000)
 ParOldGen       total 97280K, used 44732K [0x0000000080000000, 0x0000000085f00000, 0x00000000d5580000)
  object space 97280K, 45% used [0x0000000080000000,0x0000000082baf1e0,0x0000000085f00000)
 Metaspace       used 79590K, capacity 83736K, committed 83864K, reserved 1122304K
  class space    used 10903K, capacity 11687K, committed 11696K, reserved 1048576K
Event: 18.093 GC heap after
Heap after GC invocations=19 (full 3):
 PSYoungGen      total 265728K, used 27127K [0x00000000d5580000, 0x00000000e9b00000, 0x0000000100000000)
  eden space 238592K, 0% used [0x00000000d5580000,0x00000000d5580000,0x00000000e3e80000)
  from space 27136K, 99% used [0x00000000e8080000,0x00000000e9afdf40,0x00000000e9b00000)
  to   space 19968K, 0% used [0x00000000e3e80000,0x00000000e3e80000,0x00000000e5200000)
 ParOldGen       total 97280K, used 67589K [0x0000000080000000, 0x0000000085f00000, 0x00000000d5580000)
  object space 97280K, 69% used [0x0000000080000000,0x00000000842014a0,0x0000000085f00000)
 Metaspace       used 79590K, capacity 83736K, committed 83864K, reserved 1122304K
  class space    used 10903K, capacity 11687K, committed 11696K, reserved 1048576K
}

