# JRE version: OpenJDK Runtime Environment (8.0_242-b01) (build 1.8.0_242-release-1644-b01)
# Java VM: OpenJDK 64-Bit Server VM (25.242-b01 mixed mode windows-amd64 compressed oops)
Heap:
 PSYoungGen      total 563200K, used 127974K [0x00000000d5580000, 0x0000000100000000, 0x0000000100000000)
  eden space 422912K, 25% used [0x00000000d5580000,0x00000000dbe38930,0x00000000ef280000)
  from space 140288K, 14% used [0x00000000f7700000,0x00000000f8b41168,0x0000000100000000)
  to   space 135680K, 0% used [0x00000000ef280000,0x00000000ef280000,0x00000000f7700000)
 ParOldGen       total 347648K, used 229992K [0x0000000080000000, 0x0000000095380000, 0x00000000d5580000)
  object space 347648K, 66% used [0x0000000080000000,0x000000008e09a0d0,0x0000000095380000)
 Metaspace       used 91268K, capacity 96158K, committed 96408K, reserved 1132544K
  class space    used 12270K, capacity 13200K, committed 13232K, reserved 1048576K
GC Heap History (10 events):
Event: 21.046 GC heap before
{Heap before GC invocations=19 (full 4):
 PSYoungGen      total 380928K, used 345088K [0x00000000d5580000, 0x00000000f3e00000, 0x0000000100000000)
  eden space 345088K, 100% used [0x00000000d5580000,0x00000000ea680000,0x00000000ea680000)
  from space 35840K, 0% used [0x00000000edb00000,0x00000000edb00000,0x00000000efe00000)
  to   space 53760K, 0% used [0x00000000ea680000,0x00000000ea680000,0x00000000edb00000)
 ParOldGen       total 196096K, used 97211K [0x0000000080000000, 0x000000008bf80000, 0x00000000d5580000)
  object space 196096K, 49% used [0x0000000080000000,0x0000000085eeee88,0x000000008bf80000)
 Metaspace       used 82726K, capacity 86858K, committed 87064K, reserved 1124352K
  class space    used 11431K, capacity 12226K, committed 12336K, reserved 1048576K
Event: 21.124 GC heap after
Heap after GC invocations=19 (full 4):
 PSYoungGen      total 398848K, used 53754K [0x00000000d5580000, 0x00000000fa600000, 0x0000000100000000)
  eden space 345088K, 0% used [0x00000000d5580000,0x00000000d5580000,0x00000000ea680000)
  from space 53760K, 99% used [0x00000000ea680000,0x00000000edafe800,0x00000000edb00000)
  to   space 83456K, 0% used [0x00000000f5480000,0x00000000f5480000,0x00000000fa600000)
 ParOldGen       total 196096K, used 152599K [0x0000000080000000, 0x000000008bf80000, 0x00000000d5580000)
  object space 196096K, 77% used [0x0000000080000000,0x0000000089505fa0,0x000000008bf80000)
 Metaspace       used 82726K, capacity 86858K, committed 87064K, reserved 1124352K
  class space    used 11431K, capacity 12226K, committed 12336K, reserved 1048576K
}
Event: 22.240 GC heap before
{Heap before GC invocations=20 (full 4):
 PSYoungGen      total 398848K, used 398842K [0x00000000d5580000, 0x00000000fa600000, 0x0000000100000000)
  eden space 345088K, 100% used [0x00000000d5580000,0x00000000ea680000,0x00000000ea680000)
  from space 53760K, 99% used [0x00000000ea680000,0x00000000edafe800,0x00000000edb00000)
  to   space 83456K, 0% used [0x00000000f5480000,0x00000000f5480000,0x00000000fa600000)
 ParOldGen       total 196096K, used 152599K [0x0000000080000000, 0x000000008bf80000, 0x00000000d5580000)
  object space 196096K, 77% used [0x0000000080000000,0x0000000089505fa0,0x000000008bf80000)
 Metaspace       used 82797K, capacity 86932K, committed 87064K, reserved 1124352K
  class space    used 11434K, capacity 12227K, committed 12336K, reserved 1048576K
Event: 22.438 GC heap after
Heap after GC invocations=20 (full 4):
 PSYoungGen      total 489984K, used 83450K [0x00000000d5580000, 0x0000000100000000, 0x0000000100000000)
  eden space 406528K, 0% used [0x00000000d5580000,0x00000000d5580000,0x00000000ee280000)
  from space 83456K, 99% used [0x00000000f5480000,0x00000000fa5feb20,0x00000000fa600000)
  to   space 116736K, 0% used [0x00000000ee280000,0x00000000ee280000,0x00000000f5480000)
 ParOldGen       total 202752K, used 202573K [0x0000000080000000, 0x000000008c600000, 0x00000000d5580000)
  object space 202752K, 99% used [0x0000000080000000,0x000000008c5d3610,0x000000008c600000)
 Metaspace       used 82797K, capacity 86932K, committed 87064K, reserved 1124352K
  class space    used 11434K, capacity 12227K, committed 12336K, reserved 1048576K
}
Event: 22.438 GC heap before
{Heap before GC invocations=21 (full 5):
 PSYoungGen      total 489984K, used 83450K [0x00000000d5580000, 0x0000000100000000, 0x0000000100000000)
  eden space 406528K, 0% used [0x00000000d5580000,0x00000000d5580000,0x00000000ee280000)
  from space 83456K, 99% used [0x00000000f5480000,0x00000000fa5feb20,0x00000000fa600000)
  to   space 116736K, 0% used [0x00000000ee280000,0x00000000ee280000,0x00000000f5480000)
 ParOldGen       total 202752K, used 202573K [0x0000000080000000, 0x000000008c600000, 0x00000000d5580000)
  object space 202752K, 99% used [0x0000000080000000,0x000000008c5d3610,0x000000008c600000)
 Metaspace       used 82797K, capacity 86932K, committed 87064K, reserved 1124352K
  class space    used 11434K, capacity 12227K, committed 12336K, reserved 1048576K
Event: 23.322 GC heap after
Heap after GC invocations=21 (full 5):
 PSYoungGen      total 489984K, used 2930K [0x00000000d5580000, 0x0000000100000000, 0x0000000100000000)
  eden space 406528K, 0% used [0x00000000d5580000,0x00000000d5580000,0x00000000ee280000)
  from space 83456K, 3% used [0x00000000f5480000,0x00000000f575c890,0x00000000fa600000)
  to   space 116736K, 0% used [0x00000000ee280000,0x00000000ee280000,0x00000000f5480000)
 ParOldGen       total 347648K, used 202371K [0x0000000080000000, 0x0000000095380000, 0x00000000d5580000)
  object space 347648K, 58% used [0x0000000080000000,0x000000008c5a0c78,0x0000000095380000)
 Metaspace       used 82797K, capacity 86932K, committed 87064K, reserved 1124352K
  class space    used 11434K, capacity 12227K, committed 12336K, reserved 1048576K
}
Event: 27.419 GC heap before
{Heap before GC invocations=22 (full 5):
 PSYoungGen      total 489984K, used 409458K [0x00000000d5580000, 0x0000000100000000, 0x0000000100000000)
  eden space 406528K, 100% used [0x00000000d5580000,0x00000000ee280000,0x00000000ee280000)
  from space 83456K, 3% used [0x00000000f5480000,0x00000000f575c890,0x00000000fa600000)
  to   space 116736K, 0% used [0x00000000ee280000,0x00000000ee280000,0x00000000f5480000)
 ParOldGen       total 347648K, used 202371K [0x0000000080000000, 0x0000000095380000, 0x00000000d5580000)
  object space 347648K, 58% used [0x0000000080000000,0x000000008c5a0c78,0x0000000095380000)
 Metaspace       used 85706K, capacity 90414K, committed 90520K, reserved 1126400K
  class space    used 11822K, capacity 12718K, committed 12720K, reserved 1048576K
Event: 27.649 GC heap after
Heap after GC invocations=22 (full 5):
 PSYoungGen      total 523264K, used 116706K [0x00000000d5580000, 0x0000000100000000, 0x0000000100000000)
  eden space 406528K, 0% used [0x00000000d5580000,0x00000000d5580000,0x00000000ee280000)
  from space 116736K, 99% used [0x00000000ee280000,0x00000000f5478960,0x00000000f5480000)
  to   space 140288K, 0% used [0x00000000f7700000,0x00000000f7700000,0x0000000100000000)
 ParOldGen       total 347648K, used 209160K [0x0000000080000000, 0x0000000095380000, 0x00000000d5580000)
  object space 347648K, 60% used [0x0000000080000000,0x000000008cc42180,0x0000000095380000)
 Metaspace       used 85706K, capacity 90414K, committed 90520K, reserved 1126400K
  class space    used 11822K, capacity 12718K, committed 12720K, reserved 1048576K
}
Event: 30.696 GC heap before
{Heap before GC invocations=23 (full 5):
 PSYoungGen      total 523264K, used 523101K [0x00000000d5580000, 0x0000000100000000, 0x0000000100000000)
  eden space 406528K, 99% used [0x00000000d5580000,0x00000000ee25eb18,0x00000000ee280000)
  from space 116736K, 99% used [0x00000000ee280000,0x00000000f5478960,0x00000000f5480000)
  to   space 140288K, 0% used [0x00000000f7700000,0x00000000f7700000,0x0000000100000000)
 ParOldGen       total 347648K, used 220196K [0x0000000080000000, 0x0000000095380000, 0x00000000d5580000)
  object space 347648K, 63% used [0x0000000080000000,0x000000008d709280,0x0000000095380000)
 Metaspace       used 87313K, capacity 92104K, committed 92312K, reserved 1128448K
  class space    used 11986K, capacity 12879K, committed 12976K, reserved 1048576K
Event: 30.715 GC heap after
Heap after GC invocations=23 (full 5):
 PSYoungGen      total 563200K, used 20740K [0x00000000d5580000, 0x0000000100000000, 0x0000000100000000)
  eden space 422912K, 0% used [0x00000000d5580000,0x00000000d5580000,0x00000000ef280000)
  from space 140288K, 14% used [0x00000000f7700000,0x00000000f8b41168,0x0000000100000000)
  to   space 135680K, 0% used [0x00000000ef280000,0x00000000ef280000,0x00000000f7700000)
 ParOldGen       total 347648K, used 229992K [0x0000000080000000, 0x0000000095380000, 0x00000000d5580000)
  object space 347648K, 66% used [0x0000000080000000,0x000000008e09a0d0,0x0000000095380000)
 Metaspace       used 87313K, capacity 92104K, committed 92312K, reserved 1128448K
  class space    used 11986K, capacity 12879K, committed 12976K, reserved 1048576K
}

