# JRE version: OpenJDK Runtime Environment (8.0_242-b01) (build 1.8.0_242-release-1644-b01)
# Java VM: OpenJDK 64-Bit Server VM (25.242-b01 mixed mode windows-amd64 compressed oops)
Heap:
 PSYoungGen      total 547840K, used 247925K [0x00000000d5580000, 0x0000000100000000, 0x0000000100000000)
  eden space 413184K, 36% used [0x00000000d5580000,0x00000000dea61ed0,0x00000000ee900000)
  from space 134656K, 70% used [0x00000000f7900000,0x00000000fd63b568,0x00000000ffc80000)
  to   space 142848K, 0% used [0x00000000ee900000,0x00000000ee900000,0x00000000f7480000)
 ParOldGen       total 391168K, used 205298K [0x0000000080000000, 0x0000000097e00000, 0x00000000d5580000)
  object space 391168K, 52% used [0x0000000080000000,0x000000008c87c8f8,0x0000000097e00000)
 Metaspace       used 118761K, capacity 124460K, committed 124568K, reserved 1157120K
  class space    used 15382K, capacity 16458K, committed 16544K, reserved 1048576K
GC Heap History (10 events):
Event: 46.913 GC heap before
{Heap before GC invocations=22 (full 5):
 PSYoungGen      total 503296K, used 436224K [0x00000000d5580000, 0x0000000100000000, 0x0000000100000000)
  eden space 436224K, 100% used [0x00000000d5580000,0x00000000eff80000,0x00000000eff80000)
  from space 67072K, 0% used [0x00000000f6900000,0x00000000f6900000,0x00000000faa80000)
  to   space 108032K, 0% used [0x00000000eff80000,0x00000000eff80000,0x00000000f6900000)
 ParOldGen       total 338432K, used 193142K [0x0000000080000000, 0x0000000094a80000, 0x00000000d5580000)
  object space 338432K, 57% used [0x0000000080000000,0x000000008bc9d830,0x0000000094a80000)
 Metaspace       used 99106K, capacity 104096K, committed 104216K, reserved 1138688K
  class space    used 13385K, capacity 14360K, committed 14368K, reserved 1048576K
Event: 47.021 GC heap after
Heap after GC invocations=22 (full 5):
 PSYoungGen      total 544256K, used 108018K [0x00000000d5580000, 0x0000000100000000, 0x0000000100000000)
  eden space 436224K, 0% used [0x00000000d5580000,0x00000000d5580000,0x00000000eff80000)
  from space 108032K, 99% used [0x00000000eff80000,0x00000000f68fc820,0x00000000f6900000)
  to   space 129024K, 0% used [0x00000000f8200000,0x00000000f8200000,0x0000000100000000)
 ParOldGen       total 338432K, used 197225K [0x0000000080000000, 0x0000000094a80000, 0x00000000d5580000)
  object space 338432K, 58% used [0x0000000080000000,0x000000008c09a658,0x0000000094a80000)
 Metaspace       used 99106K, capacity 104096K, committed 104216K, reserved 1138688K
  class space    used 13385K, capacity 14360K, committed 14368K, reserved 1048576K
}
Event: 49.956 GC heap before
{Heap before GC invocations=23 (full 5):
 PSYoungGen      total 544256K, used 544216K [0x00000000d5580000, 0x0000000100000000, 0x0000000100000000)
  eden space 436224K, 99% used [0x00000000d5580000,0x00000000eff79888,0x00000000eff80000)
  from space 108032K, 99% used [0x00000000eff80000,0x00000000f68fc820,0x00000000f6900000)
  to   space 129024K, 0% used [0x00000000f8200000,0x00000000f8200000,0x0000000100000000)
 ParOldGen       total 338432K, used 197225K [0x0000000080000000, 0x0000000094a80000, 0x00000000d5580000)
  object space 338432K, 58% used [0x0000000080000000,0x000000008c09a658,0x0000000094a80000)
 Metaspace       used 100420K, capacity 105494K, committed 105752K, reserved 1140736K
  class space    used 13536K, capacity 14529K, committed 14624K, reserved 1048576K
Event: 50.161 GC heap after
Heap after GC invocations=23 (full 5):
 PSYoungGen      total 540160K, used 106852K [0x00000000d5580000, 0x0000000100000000, 0x0000000100000000)
  eden space 411136K, 0% used [0x00000000d5580000,0x00000000d5580000,0x00000000ee700000)
  from space 129024K, 82% used [0x00000000f8200000,0x00000000fea59108,0x0000000100000000)
  to   space 143872K, 0% used [0x00000000ee700000,0x00000000ee700000,0x00000000f7380000)
 ParOldGen       total 338432K, used 278219K [0x0000000080000000, 0x0000000094a80000, 0x00000000d5580000)
  object space 338432K, 82% used [0x0000000080000000,0x0000000090fb2fd8,0x0000000094a80000)
 Metaspace       used 100420K, capacity 105494K, committed 105752K, reserved 1140736K
  class space    used 13536K, capacity 14529K, committed 14624K, reserved 1048576K
}
Event: 50.161 GC heap before
{Heap before GC invocations=24 (full 6):
 PSYoungGen      total 540160K, used 106852K [0x00000000d5580000, 0x0000000100000000, 0x0000000100000000)
  eden space 411136K, 0% used [0x00000000d5580000,0x00000000d5580000,0x00000000ee700000)
  from space 129024K, 82% used [0x00000000f8200000,0x00000000fea59108,0x0000000100000000)
  to   space 143872K, 0% used [0x00000000ee700000,0x00000000ee700000,0x00000000f7380000)
 ParOldGen       total 338432K, used 278219K [0x0000000080000000, 0x0000000094a80000, 0x00000000d5580000)
  object space 338432K, 82% used [0x0000000080000000,0x0000000090fb2fd8,0x0000000094a80000)
 Metaspace       used 100420K, capacity 105494K, committed 105752K, reserved 1140736K
  class space    used 13536K, capacity 14529K, committed 14624K, reserved 1048576K
Event: 51.034 GC heap after
Heap after GC invocations=24 (full 6):
 PSYoungGen      total 540160K, used 0K [0x00000000d5580000, 0x0000000100000000, 0x0000000100000000)
  eden space 411136K, 0% used [0x00000000d5580000,0x00000000d5580000,0x00000000ee700000)
  from space 129024K, 0% used [0x00000000f8200000,0x00000000f8200000,0x0000000100000000)
  to   space 143872K, 0% used [0x00000000ee700000,0x00000000ee700000,0x00000000f7380000)
 ParOldGen       total 391168K, used 205282K [0x0000000080000000, 0x0000000097e00000, 0x00000000d5580000)
  object space 391168K, 52% used [0x0000000080000000,0x000000008c8788f8,0x0000000097e00000)
 Metaspace       used 100401K, capacity 105440K, committed 105752K, reserved 1140736K
  class space    used 13530K, capacity 14518K, committed 14624K, reserved 1048576K
}
Event: 156.288 GC heap before
{Heap before GC invocations=25 (full 6):
 PSYoungGen      total 540160K, used 411136K [0x00000000d5580000, 0x0000000100000000, 0x0000000100000000)
  eden space 411136K, 100% used [0x00000000d5580000,0x00000000ee700000,0x00000000ee700000)
  from space 129024K, 0% used [0x00000000f8200000,0x00000000f8200000,0x0000000100000000)
  to   space 143872K, 0% used [0x00000000ee700000,0x00000000ee700000,0x00000000f7380000)
 ParOldGen       total 391168K, used 205282K [0x0000000080000000, 0x0000000097e00000, 0x00000000d5580000)
  object space 391168K, 52% used [0x0000000080000000,0x000000008c8788f8,0x0000000097e00000)
 Metaspace       used 108223K, capacity 113440K, committed 113688K, reserved 1146880K
  class space    used 14298K, capacity 15292K, committed 15392K, reserved 1048576K
Event: 156.323 GC heap after
Heap after GC invocations=25 (full 6):
 PSYoungGen      total 555008K, used 50036K [0x00000000d5580000, 0x00000000ffc80000, 0x0000000100000000)
  eden space 411136K, 0% used [0x00000000d5580000,0x00000000d5580000,0x00000000ee700000)
  from space 143872K, 34% used [0x00000000ee700000,0x00000000f17dd308,0x00000000f7380000)
  to   space 134656K, 0% used [0x00000000f7900000,0x00000000f7900000,0x00000000ffc80000)
 ParOldGen       total 391168K, used 205290K [0x0000000080000000, 0x0000000097e00000, 0x00000000d5580000)
  object space 391168K, 52% used [0x0000000080000000,0x000000008c87a8f8,0x0000000097e00000)
 Metaspace       used 108223K, capacity 113440K, committed 113688K, reserved 1146880K
  class space    used 14298K, capacity 15292K, committed 15392K, reserved 1048576K
}
Event: 168.355 GC heap before
{Heap before GC invocations=26 (full 6):
 PSYoungGen      total 555008K, used 461172K [0x00000000d5580000, 0x00000000ffc80000, 0x0000000100000000)
  eden space 411136K, 100% used [0x00000000d5580000,0x00000000ee700000,0x00000000ee700000)
  from space 143872K, 34% used [0x00000000ee700000,0x00000000f17dd308,0x00000000f7380000)
  to   space 134656K, 0% used [0x00000000f7900000,0x00000000f7900000,0x00000000ffc80000)
 ParOldGen       total 391168K, used 205290K [0x0000000080000000, 0x0000000097e00000, 0x00000000d5580000)
  object space 391168K, 52% used [0x0000000080000000,0x000000008c87a8f8,0x0000000097e00000)
 Metaspace       used 117900K, capacity 123458K, committed 123672K, reserved 1157120K
  class space    used 15331K, capacity 16391K, committed 16416K, reserved 1048576K
Event: 168.470 GC heap after
Heap after GC invocations=26 (full 6):
 PSYoungGen      total 547840K, used 95469K [0x00000000d5580000, 0x0000000100000000, 0x0000000100000000)
  eden space 413184K, 0% used [0x00000000d5580000,0x00000000d5580000,0x00000000ee900000)
  from space 134656K, 70% used [0x00000000f7900000,0x00000000fd63b568,0x00000000ffc80000)
  to   space 142848K, 0% used [0x00000000ee900000,0x00000000ee900000,0x00000000f7480000)
 ParOldGen       total 391168K, used 205298K [0x0000000080000000, 0x0000000097e00000, 0x00000000d5580000)
  object space 391168K, 52% used [0x0000000080000000,0x000000008c87c8f8,0x0000000097e00000)
 Metaspace       used 117900K, capacity 123458K, committed 123672K, reserved 1157120K
  class space    used 15331K, capacity 16391K, committed 16416K, reserved 1048576K
}

