# JRE version: OpenJDK Runtime Environment (8.0_242-b01) (build 1.8.0_242-release-1644-b01)
# Java VM: OpenJDK 64-Bit Server VM (25.242-b01 mixed mode windows-amd64 compressed oops)
Heap:
 PSYoungGen      total 357376K, used 263083K [0x00000000d5580000, 0x00000000ed580000, 0x0000000100000000)
  eden space 335360K, 71% used [0x00000000d5580000,0x00000000e40ef960,0x00000000e9d00000)
  from space 22016K, 99% used [0x00000000ec000000,0x00000000ed57b5a8,0x00000000ed580000)
  to   space 25088K, 0% used [0x00000000ea480000,0x00000000ea480000,0x00000000ebd00000)
 ParOldGen       total 93184K, used 39045K [0x0000000080000000, 0x0000000085b00000, 0x00000000d5580000)
  object space 93184K, 41% used [0x0000000080000000,0x00000000826215c0,0x0000000085b00000)
 Metaspace       used 77655K, capacity 81666K, committed 81944K, reserved 1120256K
  class space    used 10727K, capacity 11532K, committed 11568K, reserved 1048576K
GC Heap History (10 events):
Event: 4.559 GC heap before
{Heap before GC invocations=11 (full 2):
 PSYoungGen      total 201728K, used 10052K [0x00000000d5580000, 0x00000000e6c00000, 0x0000000100000000)
  eden space 189440K, 0% used [0x00000000d5580000,0x00000000d5580000,0x00000000e0e80000)
  from space 12288K, 81% used [0x00000000e0e80000,0x00000000e1851078,0x00000000e1a80000)
  to   space 13312K, 0% used [0x00000000e5f00000,0x00000000e5f00000,0x00000000e6c00000)
 ParOldGen       total 39424K, used 7906K [0x0000000080000000, 0x0000000082680000, 0x00000000d5580000)
  object space 39424K, 20% used [0x0000000080000000,0x00000000807b8958,0x0000000082680000)
 Metaspace       used 34318K, capacity 35462K, committed 35496K, reserved 1079296K
  class space    used 4725K, capacity 5038K, committed 5040K, reserved 1048576K
Event: 4.629 GC heap after
Heap after GC invocations=11 (full 2):
 PSYoungGen      total 201728K, used 0K [0x00000000d5580000, 0x00000000e6c00000, 0x0000000100000000)
  eden space 189440K, 0% used [0x00000000d5580000,0x00000000d5580000,0x00000000e0e80000)
  from space 12288K, 0% used [0x00000000e0e80000,0x00000000e0e80000,0x00000000e1a80000)
  to   space 13312K, 0% used [0x00000000e5f00000,0x00000000e5f00000,0x00000000e6c00000)
 ParOldGen       total 57856K, used 16506K [0x0000000080000000, 0x0000000083880000, 0x00000000d5580000)
  object space 57856K, 28% used [0x0000000080000000,0x000000008101eb10,0x0000000083880000)
 Metaspace       used 34318K, capacity 35462K, committed 35496K, reserved 1079296K
  class space    used 4725K, capacity 5038K, committed 5040K, reserved 1048576K
}
Event: 8.227 GC heap before
{Heap before GC invocations=12 (full 2):
 PSYoungGen      total 201728K, used 189440K [0x00000000d5580000, 0x00000000e6c00000, 0x0000000100000000)
  eden space 189440K, 100% used [0x00000000d5580000,0x00000000e0e80000,0x00000000e0e80000)
  from space 12288K, 0% used [0x00000000e0e80000,0x00000000e0e80000,0x00000000e1a80000)
  to   space 13312K, 0% used [0x00000000e5f00000,0x00000000e5f00000,0x00000000e6c00000)
 ParOldGen       total 57856K, used 16506K [0x0000000080000000, 0x0000000083880000, 0x00000000d5580000)
  object space 57856K, 28% used [0x0000000080000000,0x000000008101eb10,0x0000000083880000)
 Metaspace       used 44413K, capacity 46326K, committed 46632K, reserved 1089536K
  class space    used 6026K, capacity 6417K, committed 6448K, reserved 1048576K
Event: 8.252 GC heap after
Heap after GC invocations=12 (full 2):
 PSYoungGen      total 269824K, used 13299K [0x00000000d5580000, 0x00000000e7400000, 0x0000000100000000)
  eden space 256512K, 0% used [0x00000000d5580000,0x00000000d5580000,0x00000000e5000000)
  from space 13312K, 99% used [0x00000000e5f00000,0x00000000e6bfcf58,0x00000000e6c00000)
  to   space 15360K, 0% used [0x00000000e5000000,0x00000000e5000000,0x00000000e5f00000)
 ParOldGen       total 57856K, used 17445K [0x0000000080000000, 0x0000000083880000, 0x00000000d5580000)
  object space 57856K, 30% used [0x0000000080000000,0x0000000081109658,0x0000000083880000)
 Metaspace       used 44413K, capacity 46326K, committed 46632K, reserved 1089536K
  class space    used 6026K, capacity 6417K, committed 6448K, reserved 1048576K
}
Event: 10.521 GC heap before
{Heap before GC invocations=13 (full 2):
 PSYoungGen      total 269824K, used 180065K [0x00000000d5580000, 0x00000000e7400000, 0x0000000100000000)
  eden space 256512K, 65% used [0x00000000d5580000,0x00000000df85b828,0x00000000e5000000)
  from space 13312K, 99% used [0x00000000e5f00000,0x00000000e6bfcf58,0x00000000e6c00000)
  to   space 15360K, 0% used [0x00000000e5000000,0x00000000e5000000,0x00000000e5f00000)
 ParOldGen       total 57856K, used 17445K [0x0000000080000000, 0x0000000083880000, 0x00000000d5580000)
  object space 57856K, 30% used [0x0000000080000000,0x0000000081109658,0x0000000083880000)
 Metaspace       used 56992K, capacity 59132K, committed 59160K, reserved 1099776K
  class space    used 7735K, capacity 8215K, committed 8240K, reserved 1048576K
Event: 10.565 GC heap after
Heap after GC invocations=13 (full 2):
 PSYoungGen      total 271872K, used 15358K [0x00000000d5580000, 0x00000000ed580000, 0x0000000100000000)
  eden space 256512K, 0% used [0x00000000d5580000,0x00000000d5580000,0x00000000e5000000)
  from space 15360K, 99% used [0x00000000e5000000,0x00000000e5eff9d0,0x00000000e5f00000)
  to   space 22016K, 0% used [0x00000000ec000000,0x00000000ec000000,0x00000000ed580000)
 ParOldGen       total 57856K, used 28701K [0x0000000080000000, 0x0000000083880000, 0x00000000d5580000)
  object space 57856K, 49% used [0x0000000080000000,0x0000000081c07618,0x0000000083880000)
 Metaspace       used 56992K, capacity 59132K, committed 59160K, reserved 1099776K
  class space    used 7735K, capacity 8215K, committed 8240K, reserved 1048576K
}
Event: 10.565 GC heap before
{Heap before GC invocations=14 (full 3):
 PSYoungGen      total 271872K, used 15358K [0x00000000d5580000, 0x00000000ed580000, 0x0000000100000000)
  eden space 256512K, 0% used [0x00000000d5580000,0x00000000d5580000,0x00000000e5000000)
  from space 15360K, 99% used [0x00000000e5000000,0x00000000e5eff9d0,0x00000000e5f00000)
  to   space 22016K, 0% used [0x00000000ec000000,0x00000000ec000000,0x00000000ed580000)
 ParOldGen       total 57856K, used 28701K [0x0000000080000000, 0x0000000083880000, 0x00000000d5580000)
  object space 57856K, 49% used [0x0000000080000000,0x0000000081c07618,0x0000000083880000)
 Metaspace       used 56992K, capacity 59132K, committed 59160K, reserved 1099776K
  class space    used 7735K, capacity 8215K, committed 8240K, reserved 1048576K
Event: 10.799 GC heap after
Heap after GC invocations=14 (full 3):
 PSYoungGen      total 271872K, used 0K [0x00000000d5580000, 0x00000000ed580000, 0x0000000100000000)
  eden space 256512K, 0% used [0x00000000d5580000,0x00000000d5580000,0x00000000e5000000)
  from space 15360K, 0% used [0x00000000e5000000,0x00000000e5000000,0x00000000e5f00000)
  to   space 22016K, 0% used [0x00000000ec000000,0x00000000ec000000,0x00000000ed580000)
 ParOldGen       total 93184K, used 38988K [0x0000000080000000, 0x0000000085b00000, 0x00000000d5580000)
  object space 93184K, 41% used [0x0000000080000000,0x0000000082613100,0x0000000085b00000)
 Metaspace       used 56981K, capacity 59096K, committed 59160K, reserved 1099776K
  class space    used 7732K, capacity 8209K, committed 8240K, reserved 1048576K
}
Event: 14.649 GC heap before
{Heap before GC invocations=15 (full 3):
 PSYoungGen      total 271872K, used 256512K [0x00000000d5580000, 0x00000000ed580000, 0x0000000100000000)
  eden space 256512K, 100% used [0x00000000d5580000,0x00000000e5000000,0x00000000e5000000)
  from space 15360K, 0% used [0x00000000e5000000,0x00000000e5000000,0x00000000e5f00000)
  to   space 22016K, 0% used [0x00000000ec000000,0x00000000ec000000,0x00000000ed580000)
 ParOldGen       total 93184K, used 38988K [0x0000000080000000, 0x0000000085b00000, 0x00000000d5580000)
  object space 93184K, 41% used [0x0000000080000000,0x0000000082613100,0x0000000085b00000)
 Metaspace       used 68757K, capacity 71936K, committed 72088K, reserved 1112064K
  class space    used 9409K, capacity 10067K, committed 10160K, reserved 1048576K
Event: 14.671 GC heap after
Heap after GC invocations=15 (full 3):
 PSYoungGen      total 357376K, used 21997K [0x00000000d5580000, 0x00000000ed580000, 0x0000000100000000)
  eden space 335360K, 0% used [0x00000000d5580000,0x00000000d5580000,0x00000000e9d00000)
  from space 22016K, 99% used [0x00000000ec000000,0x00000000ed57b5a8,0x00000000ed580000)
  to   space 25088K, 0% used [0x00000000ea480000,0x00000000ea480000,0x00000000ebd00000)
 ParOldGen       total 93184K, used 39045K [0x0000000080000000, 0x0000000085b00000, 0x00000000d5580000)
  object space 93184K, 41% used [0x0000000080000000,0x00000000826215c0,0x0000000085b00000)
 Metaspace       used 68757K, capacity 71936K, committed 72088K, reserved 1112064K
  class space    used 9409K, capacity 10067K, committed 10160K, reserved 1048576K
}

