# JRE version: OpenJDK Runtime Environment (8.0_242-b01) (build 1.8.0_242-release-1644-b01)
# Java VM: OpenJDK 64-Bit Server VM (25.242-b01 mixed mode windows-amd64 compressed oops)
Heap:
 PSYoungGen      total 102912K, used 93665K [0x00000000d5580000, 0x00000000ddc80000, 0x0000000100000000)
  eden space 93696K, 93% used [0x00000000d5580000,0x00000000daae90d0,0x00000000db100000)
  from space 9216K, 67% used [0x00000000db100000,0x00000000db70f430,0x00000000dba00000)
  to   space 9216K, 0% used [0x00000000dd380000,0x00000000dd380000,0x00000000ddc80000)
 ParOldGen       total 40448K, used 15531K [0x0000000080000000, 0x0000000082780000, 0x00000000d5580000)
  object space 40448K, 38% used [0x0000000080000000,0x0000000080f2aca0,0x0000000082780000)
 Metaspace       used 45510K, capacity 47318K, committed 47528K, reserved 1089536K
  class space    used 6138K, capacity 6513K, committed 6576K, reserved 1048576K
GC Heap History (10 events):
Event: 6.731 GC heap before
{Heap before GC invocations=11 (full 1):
 PSYoungGen      total 53760K, used 46080K [0x00000000d5580000, 0x00000000dac80000, 0x0000000100000000)
  eden space 46080K, 100% used [0x00000000d5580000,0x00000000d8280000,0x00000000d8280000)
  from space 7680K, 0% used [0x00000000d8280000,0x00000000d8280000,0x00000000d8a00000)
  to   space 7680K, 0% used [0x00000000da500000,0x00000000da500000,0x00000000dac80000)
 ParOldGen       total 40448K, used 6910K [0x0000000080000000, 0x0000000082780000, 0x00000000d5580000)
  object space 40448K, 17% used [0x0000000080000000,0x00000000806bf998,0x0000000082780000)
 Metaspace       used 24487K, capacity 25310K, committed 25520K, reserved 1071104K
  class space    used 3475K, capacity 3715K, committed 3760K, reserved 1048576K
Event: 6.736 GC heap after
Heap after GC invocations=11 (full 1):
 PSYoungGen      total 71168K, used 4905K [0x00000000d5580000, 0x00000000daa00000, 0x0000000100000000)
  eden space 66048K, 0% used [0x00000000d5580000,0x00000000d5580000,0x00000000d9600000)
  from space 5120K, 95% used [0x00000000da500000,0x00000000da9ca420,0x00000000daa00000)
  to   space 7680K, 0% used [0x00000000d9b00000,0x00000000d9b00000,0x00000000da280000)
 ParOldGen       total 40448K, used 6918K [0x0000000080000000, 0x0000000082780000, 0x00000000d5580000)
  object space 40448K, 17% used [0x0000000080000000,0x00000000806c1998,0x0000000082780000)
 Metaspace       used 24487K, capacity 25310K, committed 25520K, reserved 1071104K
  class space    used 3475K, capacity 3715K, committed 3760K, reserved 1048576K
}
Event: 8.347 GC heap before
{Heap before GC invocations=12 (full 1):
 PSYoungGen      total 71168K, used 70953K [0x00000000d5580000, 0x00000000daa00000, 0x0000000100000000)
  eden space 66048K, 100% used [0x00000000d5580000,0x00000000d9600000,0x00000000d9600000)
  from space 5120K, 95% used [0x00000000da500000,0x00000000da9ca420,0x00000000daa00000)
  to   space 7680K, 0% used [0x00000000d9b00000,0x00000000d9b00000,0x00000000da280000)
 ParOldGen       total 40448K, used 6918K [0x0000000080000000, 0x0000000082780000, 0x00000000d5580000)
  object space 40448K, 17% used [0x0000000080000000,0x00000000806c1998,0x0000000082780000)
 Metaspace       used 32344K, capacity 33380K, committed 33584K, reserved 1079296K
  class space    used 4410K, capacity 4653K, committed 4656K, reserved 1048576K
Event: 8.370 GC heap after
Heap after GC invocations=12 (full 1):
 PSYoungGen      total 78848K, used 7662K [0x00000000d5580000, 0x00000000dc300000, 0x0000000100000000)
  eden space 71168K, 0% used [0x00000000d5580000,0x00000000d5580000,0x00000000d9b00000)
  from space 7680K, 99% used [0x00000000d9b00000,0x00000000da27ba00,0x00000000da280000)
  to   space 9216K, 0% used [0x00000000dba00000,0x00000000dba00000,0x00000000dc300000)
 ParOldGen       total 40448K, used 8763K [0x0000000080000000, 0x0000000082780000, 0x00000000d5580000)
  object space 40448K, 21% used [0x0000000080000000,0x000000008088ee38,0x0000000082780000)
 Metaspace       used 32344K, capacity 33380K, committed 33584K, reserved 1079296K
  class space    used 4410K, capacity 4653K, committed 4656K, reserved 1048576K
}
Event: 9.138 GC heap before
{Heap before GC invocations=13 (full 1):
 PSYoungGen      total 78848K, used 53324K [0x00000000d5580000, 0x00000000dc300000, 0x0000000100000000)
  eden space 71168K, 64% used [0x00000000d5580000,0x00000000d8217930,0x00000000d9b00000)
  from space 7680K, 99% used [0x00000000d9b00000,0x00000000da27ba00,0x00000000da280000)
  to   space 9216K, 0% used [0x00000000dba00000,0x00000000dba00000,0x00000000dc300000)
 ParOldGen       total 40448K, used 8763K [0x0000000080000000, 0x0000000082780000, 0x00000000d5580000)
  object space 40448K, 21% used [0x0000000080000000,0x000000008088ee38,0x0000000082780000)
 Metaspace       used 34271K, capacity 35430K, committed 35496K, reserved 1079296K
  class space    used 4709K, capacity 5006K, committed 5040K, reserved 1048576K
Event: 9.151 GC heap after
Heap after GC invocations=13 (full 1):
 PSYoungGen      total 102912K, used 3754K [0x00000000d5580000, 0x00000000dc980000, 0x0000000100000000)
  eden space 93696K, 0% used [0x00000000d5580000,0x00000000d5580000,0x00000000db100000)
  from space 9216K, 40% used [0x00000000dba00000,0x00000000dbdaa920,0x00000000dc300000)
  to   space 9216K, 0% used [0x00000000db100000,0x00000000db100000,0x00000000dba00000)
 ParOldGen       total 40448K, used 12839K [0x0000000080000000, 0x0000000082780000, 0x00000000d5580000)
  object space 40448K, 31% used [0x0000000080000000,0x0000000080c89d48,0x0000000082780000)
 Metaspace       used 34271K, capacity 35430K, committed 35496K, reserved 1079296K
  class space    used 4709K, capacity 5006K, committed 5040K, reserved 1048576K
}
Event: 9.151 GC heap before
{Heap before GC invocations=14 (full 2):
 PSYoungGen      total 102912K, used 3754K [0x00000000d5580000, 0x00000000dc980000, 0x0000000100000000)
  eden space 93696K, 0% used [0x00000000d5580000,0x00000000d5580000,0x00000000db100000)
  from space 9216K, 40% used [0x00000000dba00000,0x00000000dbdaa920,0x00000000dc300000)
  to   space 9216K, 0% used [0x00000000db100000,0x00000000db100000,0x00000000dba00000)
 ParOldGen       total 40448K, used 12839K [0x0000000080000000, 0x0000000082780000, 0x00000000d5580000)
  object space 40448K, 31% used [0x0000000080000000,0x0000000080c89d48,0x0000000082780000)
 Metaspace       used 34271K, capacity 35430K, committed 35496K, reserved 1079296K
  class space    used 4709K, capacity 5006K, committed 5040K, reserved 1048576K
Event: 9.235 GC heap after
Heap after GC invocations=14 (full 2):
 PSYoungGen      total 102912K, used 0K [0x00000000d5580000, 0x00000000dc980000, 0x0000000100000000)
  eden space 93696K, 0% used [0x00000000d5580000,0x00000000d5580000,0x00000000db100000)
  from space 9216K, 0% used [0x00000000dba00000,0x00000000dba00000,0x00000000dc300000)
  to   space 9216K, 0% used [0x00000000db100000,0x00000000db100000,0x00000000dba00000)
 ParOldGen       total 40448K, used 15523K [0x0000000080000000, 0x0000000082780000, 0x00000000d5580000)
  object space 40448K, 38% used [0x0000000080000000,0x0000000080f28ca0,0x0000000082780000)
 Metaspace       used 34271K, capacity 35430K, committed 35496K, reserved 1079296K
  class space    used 4709K, capacity 5006K, committed 5040K, reserved 1048576K
}
Event: 10.838 GC heap before
{Heap before GC invocations=15 (full 2):
 PSYoungGen      total 102912K, used 93696K [0x00000000d5580000, 0x00000000dc980000, 0x0000000100000000)
  eden space 93696K, 100% used [0x00000000d5580000,0x00000000db100000,0x00000000db100000)
  from space 9216K, 0% used [0x00000000dba00000,0x00000000dba00000,0x00000000dc300000)
  to   space 9216K, 0% used [0x00000000db100000,0x00000000db100000,0x00000000dba00000)
 ParOldGen       total 40448K, used 15523K [0x0000000080000000, 0x0000000082780000, 0x00000000d5580000)
  object space 40448K, 38% used [0x0000000080000000,0x0000000080f28ca0,0x0000000082780000)
 Metaspace       used 36803K, capacity 38312K, committed 38440K, reserved 1083392K
  class space    used 5048K, capacity 5369K, committed 5424K, reserved 1048576K
Event: 10.862 GC heap after
Heap after GC invocations=15 (full 2):
 PSYoungGen      total 102912K, used 6205K [0x00000000d5580000, 0x00000000ddc80000, 0x0000000100000000)
  eden space 93696K, 0% used [0x00000000d5580000,0x00000000d5580000,0x00000000db100000)
  from space 9216K, 67% used [0x00000000db100000,0x00000000db70f430,0x00000000dba00000)
  to   space 9216K, 0% used [0x00000000dd380000,0x00000000dd380000,0x00000000ddc80000)
 ParOldGen       total 40448K, used 15531K [0x0000000080000000, 0x0000000082780000, 0x00000000d5580000)
  object space 40448K, 38% used [0x0000000080000000,0x0000000080f2aca0,0x0000000082780000)
 Metaspace       used 36803K, capacity 38312K, committed 38440K, reserved 1083392K
  class space    used 5048K, capacity 5369K, committed 5424K, reserved 1048576K
}

