# JRE version: OpenJDK Runtime Environment (8.0_242-b01) (build 1.8.0_242-release-1644-b01)
# Java VM: OpenJDK 64-Bit Server VM (25.242-b01 mixed mode windows-amd64 compressed oops)
Heap:
 PSYoungGen      total 415232K, used 338470K [0x00000000d5580000, 0x0000000100000000, 0x0000000100000000)
  eden space 272896K, 71% used [0x00000000d5580000,0x00000000e1516fe0,0x00000000e6000000)
  from space 142336K, 99% used [0x00000000e6000000,0x00000000eeaf2898,0x00000000eeb00000)
  to   space 219648K, 0% used [0x00000000f2980000,0x00000000f2980000,0x0000000100000000)
 ParOldGen       total 400896K, used 240859K [0x0000000080000000, 0x0000000098780000, 0x00000000d5580000)
  object space 400896K, 60% used [0x0000000080000000,0x000000008eb36ce0,0x0000000098780000)
 Metaspace       used 132342K, capacity 138940K, committed 139096K, reserved 1171456K
  class space    used 16693K, capacity 17976K, committed 18048K, reserved 1048576K
GC Heap History (10 events):
Event: 851.650 GC heap before
{Heap before GC invocations=39 (full 6):
 PSYoungGen      total 479744K, used 362107K [0x00000000d5580000, 0x00000000fee00000, 0x0000000100000000)
  eden space 297472K, 100% used [0x00000000d5580000,0x00000000e7800000,0x00000000e7800000)
  from space 182272K, 35% used [0x00000000f3c00000,0x00000000f7b1eda8,0x00000000fee00000)
  to   space 191488K, 0% used [0x00000000e7800000,0x00000000e7800000,0x00000000f3300000)
 ParOldGen       total 400896K, used 239443K [0x0000000080000000, 0x0000000098780000, 0x00000000d5580000)
  object space 400896K, 59% used [0x0000000080000000,0x000000008e9d4cc0,0x0000000098780000)
 Metaspace       used 132114K, capacity 138704K, committed 138840K, reserved 1169408K
  class space    used 16686K, capacity 17970K, committed 18048K, reserved 1048576K
Event: 851.692 GC heap after
Heap after GC invocations=39 (full 6):
 PSYoungGen      total 488960K, used 30094K [0x00000000d5580000, 0x0000000100000000, 0x0000000100000000)
  eden space 297472K, 0% used [0x00000000d5580000,0x00000000d5580000,0x00000000e7800000)
  from space 191488K, 15% used [0x00000000e7800000,0x00000000e9563878,0x00000000f3300000)
  to   space 188928K, 0% used [0x00000000f4780000,0x00000000f4780000,0x0000000100000000)
 ParOldGen       total 400896K, used 239451K [0x0000000080000000, 0x0000000098780000, 0x00000000d5580000)
  object space 400896K, 59% used [0x0000000080000000,0x000000008e9d6cc0,0x0000000098780000)
 Metaspace       used 132114K, capacity 138704K, committed 138840K, reserved 1169408K
  class space    used 16686K, capacity 17970K, committed 18048K, reserved 1048576K
}
Event: 852.195 GC heap before
{Heap before GC invocations=40 (full 6):
 PSYoungGen      total 488960K, used 327566K [0x00000000d5580000, 0x0000000100000000, 0x0000000100000000)
  eden space 297472K, 100% used [0x00000000d5580000,0x00000000e7800000,0x00000000e7800000)
  from space 191488K, 15% used [0x00000000e7800000,0x00000000e9563878,0x00000000f3300000)
  to   space 188928K, 0% used [0x00000000f4780000,0x00000000f4780000,0x0000000100000000)
 ParOldGen       total 400896K, used 239451K [0x0000000080000000, 0x0000000098780000, 0x00000000d5580000)
  object space 400896K, 59% used [0x0000000080000000,0x000000008e9d6cc0,0x0000000098780000)
 Metaspace       used 132116K, capacity 138704K, committed 138840K, reserved 1169408K
  class space    used 16686K, capacity 17970K, committed 18048K, reserved 1048576K
Event: 852.253 GC heap after
Heap after GC invocations=40 (full 6):
 PSYoungGen      total 499712K, used 119757K [0x00000000d5580000, 0x0000000100000000, 0x0000000100000000)
  eden space 310784K, 0% used [0x00000000d5580000,0x00000000d5580000,0x00000000e8500000)
  from space 188928K, 63% used [0x00000000f4780000,0x00000000fbc735c0,0x0000000100000000)
  to   space 194048K, 0% used [0x00000000e8500000,0x00000000e8500000,0x00000000f4280000)
 ParOldGen       total 400896K, used 239451K [0x0000000080000000, 0x0000000098780000, 0x00000000d5580000)
  object space 400896K, 59% used [0x0000000080000000,0x000000008e9d6cc0,0x0000000098780000)
 Metaspace       used 132116K, capacity 138704K, committed 138840K, reserved 1169408K
  class space    used 16686K, capacity 17970K, committed 18048K, reserved 1048576K
}
Event: 852.699 GC heap before
{Heap before GC invocations=41 (full 6):
 PSYoungGen      total 499712K, used 430541K [0x00000000d5580000, 0x0000000100000000, 0x0000000100000000)
  eden space 310784K, 100% used [0x00000000d5580000,0x00000000e8500000,0x00000000e8500000)
  from space 188928K, 63% used [0x00000000f4780000,0x00000000fbc735c0,0x0000000100000000)
  to   space 194048K, 0% used [0x00000000e8500000,0x00000000e8500000,0x00000000f4280000)
 ParOldGen       total 400896K, used 239451K [0x0000000080000000, 0x0000000098780000, 0x00000000d5580000)
  object space 400896K, 59% used [0x0000000080000000,0x000000008e9d6cc0,0x0000000098780000)
 Metaspace       used 132120K, capacity 138704K, committed 138840K, reserved 1169408K
  class space    used 16686K, capacity 17970K, committed 18048K, reserved 1048576K
Event: 852.812 GC heap after
Heap after GC invocations=41 (full 6):
 PSYoungGen      total 464384K, used 153543K [0x00000000d5580000, 0x0000000100000000, 0x0000000100000000)
  eden space 310784K, 0% used [0x00000000d5580000,0x00000000d5580000,0x00000000e8500000)
  from space 153600K, 99% used [0x00000000e8500000,0x00000000f1af1eb0,0x00000000f1b00000)
  to   space 209920K, 0% used [0x00000000f3300000,0x00000000f3300000,0x0000000100000000)
 ParOldGen       total 400896K, used 239459K [0x0000000080000000, 0x0000000098780000, 0x00000000d5580000)
  object space 400896K, 59% used [0x0000000080000000,0x000000008e9d8cc0,0x0000000098780000)
 Metaspace       used 132120K, capacity 138704K, committed 138840K, reserved 1169408K
  class space    used 16686K, capacity 17970K, committed 18048K, reserved 1048576K
}
Event: 853.572 GC heap before
{Heap before GC invocations=42 (full 6):
 PSYoungGen      total 464384K, used 464327K [0x00000000d5580000, 0x0000000100000000, 0x0000000100000000)
  eden space 310784K, 100% used [0x00000000d5580000,0x00000000e8500000,0x00000000e8500000)
  from space 153600K, 99% used [0x00000000e8500000,0x00000000f1af1eb0,0x00000000f1b00000)
  to   space 209920K, 0% used [0x00000000f3300000,0x00000000f3300000,0x0000000100000000)
 ParOldGen       total 400896K, used 239459K [0x0000000080000000, 0x0000000098780000, 0x00000000d5580000)
  object space 400896K, 59% used [0x0000000080000000,0x000000008e9d8cc0,0x0000000098780000)
 Metaspace       used 132160K, capacity 138776K, committed 139096K, reserved 1171456K
  class space    used 16686K, capacity 17970K, committed 18048K, reserved 1048576K
Event: 853.668 GC heap after
Heap after GC invocations=42 (full 6):
 PSYoungGen      total 482816K, used 128405K [0x00000000d5580000, 0x0000000100000000, 0x0000000100000000)
  eden space 272896K, 0% used [0x00000000d5580000,0x00000000d5580000,0x00000000e6000000)
  from space 209920K, 61% used [0x00000000f3300000,0x00000000fb0655d0,0x0000000100000000)
  to   space 212992K, 0% used [0x00000000e6000000,0x00000000e6000000,0x00000000f3000000)
 ParOldGen       total 400896K, used 240715K [0x0000000080000000, 0x0000000098780000, 0x00000000d5580000)
  object space 400896K, 60% used [0x0000000080000000,0x000000008eb12cd0,0x0000000098780000)
 Metaspace       used 132160K, capacity 138776K, committed 139096K, reserved 1171456K
  class space    used 16686K, capacity 17970K, committed 18048K, reserved 1048576K
}
Event: 854.769 GC heap before
{Heap before GC invocations=43 (full 6):
 PSYoungGen      total 482816K, used 401301K [0x00000000d5580000, 0x0000000100000000, 0x0000000100000000)
  eden space 272896K, 100% used [0x00000000d5580000,0x00000000e6000000,0x00000000e6000000)
  from space 209920K, 61% used [0x00000000f3300000,0x00000000fb0655d0,0x0000000100000000)
  to   space 212992K, 0% used [0x00000000e6000000,0x00000000e6000000,0x00000000f3000000)
 ParOldGen       total 400896K, used 240715K [0x0000000080000000, 0x0000000098780000, 0x00000000d5580000)
  object space 400896K, 60% used [0x0000000080000000,0x000000008eb12cd0,0x0000000098780000)
 Metaspace       used 132179K, capacity 138776K, committed 139096K, reserved 1171456K
  class space    used 16687K, capacity 17970K, committed 18048K, reserved 1048576K
Event: 854.928 GC heap after
Heap after GC invocations=43 (full 6):
 PSYoungGen      total 415232K, used 142282K [0x00000000d5580000, 0x0000000100000000, 0x0000000100000000)
  eden space 272896K, 0% used [0x00000000d5580000,0x00000000d5580000,0x00000000e6000000)
  from space 142336K, 99% used [0x00000000e6000000,0x00000000eeaf2898,0x00000000eeb00000)
  to   space 219648K, 0% used [0x00000000f2980000,0x00000000f2980000,0x0000000100000000)
 ParOldGen       total 400896K, used 240859K [0x0000000080000000, 0x0000000098780000, 0x00000000d5580000)
  object space 400896K, 60% used [0x0000000080000000,0x000000008eb36ce0,0x0000000098780000)
 Metaspace       used 132179K, capacity 138776K, committed 139096K, reserved 1171456K
  class space    used 16687K, capacity 17970K, committed 18048K, reserved 1048576K
}

