# JRE version: OpenJDK Runtime Environment (8.0_242-b01) (build 1.8.0_242-release-1644-b01)
# Java VM: OpenJDK 64-Bit Server VM (25.242-b01 mixed mode windows-amd64 compressed oops)
Heap:
 PSYoungGen      total 485888K, used 50493K [0x00000000d5580000, 0x0000000100000000, 0x0000000100000000)
  eden space 369152K, 13% used [0x00000000d5580000,0x00000000d86cf7d0,0x00000000ebe00000)
  from space 116736K, 0% used [0x00000000ebe00000,0x00000000ebe00000,0x00000000f3000000)
  to   space 123392K, 0% used [0x00000000f8780000,0x00000000f8780000,0x0000000100000000)
 ParOldGen       total 308736K, used 211394K [0x0000000080000000, 0x0000000092d80000, 0x00000000d5580000)
  object space 308736K, 68% used [0x0000000080000000,0x000000008ce70858,0x0000000092d80000)
 Metaspace       used 103778K, capacity 108748K, committed 109336K, reserved 1144832K
  class space    used 13786K, capacity 14728K, committed 14896K, reserved 1048576K
GC Heap History (10 events):
Event: 25.017 GC heap before
{Heap before GC invocations=25 (full 5):
 PSYoungGen      total 372736K, used 64492K [0x00000000d5580000, 0x00000000f5480000, 0x0000000100000000)
  eden space 308224K, 0% used [0x00000000d5580000,0x00000000d5580000,0x00000000e8280000)
  from space 64512K, 99% used [0x00000000edb80000,0x00000000f1a7b098,0x00000000f1a80000)
  to   space 91136K, 0% used [0x00000000e8280000,0x00000000e8280000,0x00000000edb80000)
 ParOldGen       total 199168K, used 194805K [0x0000000080000000, 0x000000008c280000, 0x00000000d5580000)
  object space 199168K, 97% used [0x0000000080000000,0x000000008be3d498,0x000000008c280000)
 Metaspace       used 101528K, capacity 106638K, committed 106776K, reserved 1140736K
  class space    used 13636K, capacity 14625K, committed 14640K, reserved 1048576K
Event: 25.368 GC heap after
Heap after GC invocations=25 (full 5):
 PSYoungGen      total 372736K, used 0K [0x00000000d5580000, 0x00000000f5480000, 0x0000000100000000)
  eden space 308224K, 0% used [0x00000000d5580000,0x00000000d5580000,0x00000000e8280000)
  from space 64512K, 0% used [0x00000000edb80000,0x00000000edb80000,0x00000000f1a80000)
  to   space 91136K, 0% used [0x00000000e8280000,0x00000000e8280000,0x00000000edb80000)
 ParOldGen       total 308736K, used 173856K [0x0000000080000000, 0x0000000092d80000, 0x00000000d5580000)
  object space 308736K, 56% used [0x0000000080000000,0x000000008a9c8028,0x0000000092d80000)
 Metaspace       used 101046K, capacity 105554K, committed 106776K, reserved 1140736K
  class space    used 13460K, capacity 14309K, committed 14640K, reserved 1048576K
}
Event: 26.356 GC heap before
{Heap before GC invocations=26 (full 5):
 PSYoungGen      total 372736K, used 308224K [0x00000000d5580000, 0x00000000f5480000, 0x0000000100000000)
  eden space 308224K, 100% used [0x00000000d5580000,0x00000000e8280000,0x00000000e8280000)
  from space 64512K, 0% used [0x00000000edb80000,0x00000000edb80000,0x00000000f1a80000)
  to   space 91136K, 0% used [0x00000000e8280000,0x00000000e8280000,0x00000000edb80000)
 ParOldGen       total 308736K, used 173856K [0x0000000080000000, 0x0000000092d80000, 0x00000000d5580000)
  object space 308736K, 56% used [0x0000000080000000,0x000000008a9c8028,0x0000000092d80000)
 Metaspace       used 101057K, capacity 105564K, committed 106776K, reserved 1140736K
  class space    used 13462K, capacity 14310K, committed 14640K, reserved 1048576K
Event: 26.485 GC heap after
Heap after GC invocations=26 (full 5):
 PSYoungGen      total 399360K, used 78779K [0x00000000d5580000, 0x00000000f9400000, 0x0000000100000000)
  eden space 308224K, 0% used [0x00000000d5580000,0x00000000d5580000,0x00000000e8280000)
  from space 91136K, 86% used [0x00000000e8280000,0x00000000ecf6ec68,0x00000000edb80000)
  to   space 102400K, 0% used [0x00000000f3000000,0x00000000f3000000,0x00000000f9400000)
 ParOldGen       total 308736K, used 173864K [0x0000000080000000, 0x0000000092d80000, 0x00000000d5580000)
  object space 308736K, 56% used [0x0000000080000000,0x000000008a9ca028,0x0000000092d80000)
 Metaspace       used 101057K, capacity 105564K, committed 106776K, reserved 1140736K
  class space    used 13462K, capacity 14310K, committed 14640K, reserved 1048576K
}
Event: 28.518 GC heap before
{Heap before GC invocations=27 (full 5):
 PSYoungGen      total 399360K, used 387003K [0x00000000d5580000, 0x00000000f9400000, 0x0000000100000000)
  eden space 308224K, 100% used [0x00000000d5580000,0x00000000e8280000,0x00000000e8280000)
  from space 91136K, 86% used [0x00000000e8280000,0x00000000ecf6ec68,0x00000000edb80000)
  to   space 102400K, 0% used [0x00000000f3000000,0x00000000f3000000,0x00000000f9400000)
 ParOldGen       total 308736K, used 173864K [0x0000000080000000, 0x0000000092d80000, 0x00000000d5580000)
  object space 308736K, 56% used [0x0000000080000000,0x000000008a9ca028,0x0000000092d80000)
 Metaspace       used 103434K, capacity 108460K, committed 108824K, reserved 1142784K
  class space    used 13783K, capacity 14726K, committed 14896K, reserved 1048576K
Event: 28.682 GC heap after
Heap after GC invocations=27 (full 5):
 PSYoungGen      total 471552K, used 94085K [0x00000000d5580000, 0x00000000fb080000, 0x0000000100000000)
  eden space 369152K, 0% used [0x00000000d5580000,0x00000000d5580000,0x00000000ebe00000)
  from space 102400K, 91% used [0x00000000f3000000,0x00000000f8be1488,0x00000000f9400000)
  to   space 116736K, 0% used [0x00000000ebe00000,0x00000000ebe00000,0x00000000f3000000)
 ParOldGen       total 308736K, used 244010K [0x0000000080000000, 0x0000000092d80000, 0x00000000d5580000)
  object space 308736K, 79% used [0x0000000080000000,0x000000008ee4aab0,0x0000000092d80000)
 Metaspace       used 103434K, capacity 108460K, committed 108824K, reserved 1142784K
  class space    used 13783K, capacity 14726K, committed 14896K, reserved 1048576K
}
Event: 30.974 GC heap before
{Heap before GC invocations=28 (full 5):
 PSYoungGen      total 471552K, used 463237K [0x00000000d5580000, 0x00000000fb080000, 0x0000000100000000)
  eden space 369152K, 100% used [0x00000000d5580000,0x00000000ebe00000,0x00000000ebe00000)
  from space 102400K, 91% used [0x00000000f3000000,0x00000000f8be1488,0x00000000f9400000)
  to   space 116736K, 0% used [0x00000000ebe00000,0x00000000ebe00000,0x00000000f3000000)
 ParOldGen       total 308736K, used 244010K [0x0000000080000000, 0x0000000092d80000, 0x00000000d5580000)
  object space 308736K, 79% used [0x0000000080000000,0x000000008ee4aab0,0x0000000092d80000)
 Metaspace       used 103792K, capacity 108784K, committed 109336K, reserved 1144832K
  class space    used 13790K, capacity 14736K, committed 14896K, reserved 1048576K
Event: 31.184 GC heap after
Heap after GC invocations=28 (full 5):
 PSYoungGen      total 485888K, used 80844K [0x00000000d5580000, 0x0000000100000000, 0x0000000100000000)
  eden space 369152K, 0% used [0x00000000d5580000,0x00000000d5580000,0x00000000ebe00000)
  from space 116736K, 69% used [0x00000000ebe00000,0x00000000f0cf3010,0x00000000f3000000)
  to   space 123392K, 0% used [0x00000000f8780000,0x00000000f8780000,0x0000000100000000)
 ParOldGen       total 308736K, used 307537K [0x0000000080000000, 0x0000000092d80000, 0x00000000d5580000)
  object space 308736K, 99% used [0x0000000080000000,0x0000000092c547c8,0x0000000092d80000)
 Metaspace       used 103792K, capacity 108784K, committed 109336K, reserved 1144832K
  class space    used 13790K, capacity 14736K, committed 14896K, reserved 1048576K
}
Event: 31.184 GC heap before
{Heap before GC invocations=29 (full 6):
 PSYoungGen      total 485888K, used 80844K [0x00000000d5580000, 0x0000000100000000, 0x0000000100000000)
  eden space 369152K, 0% used [0x00000000d5580000,0x00000000d5580000,0x00000000ebe00000)
  from space 116736K, 69% used [0x00000000ebe00000,0x00000000f0cf3010,0x00000000f3000000)
  to   space 123392K, 0% used [0x00000000f8780000,0x00000000f8780000,0x0000000100000000)
 ParOldGen       total 308736K, used 307537K [0x0000000080000000, 0x0000000092d80000, 0x00000000d5580000)
  object space 308736K, 99% used [0x0000000080000000,0x0000000092c547c8,0x0000000092d80000)
 Metaspace       used 103792K, capacity 108784K, committed 109336K, reserved 1144832K
  class space    used 13790K, capacity 14736K, committed 14896K, reserved 1048576K
Event: 32.066 GC heap after
Heap after GC invocations=29 (full 6):
 PSYoungGen      total 485888K, used 0K [0x00000000d5580000, 0x0000000100000000, 0x0000000100000000)
  eden space 369152K, 0% used [0x00000000d5580000,0x00000000d5580000,0x00000000ebe00000)
  from space 116736K, 0% used [0x00000000ebe00000,0x00000000ebe00000,0x00000000f3000000)
  to   space 123392K, 0% used [0x00000000f8780000,0x00000000f8780000,0x0000000100000000)
 ParOldGen       total 308736K, used 211394K [0x0000000080000000, 0x0000000092d80000, 0x00000000d5580000)
  object space 308736K, 68% used [0x0000000080000000,0x000000008ce70858,0x0000000092d80000)
 Metaspace       used 103777K, capacity 108748K, committed 109336K, reserved 1144832K
  class space    used 13786K, capacity 14728K, committed 14896K, reserved 1048576K
}

